<?xml version="1.0" encoding="utf-8"?>
<TestRun id="811ea6a7-fa1f-4105-8ba4-307434f7741d" name="thais.silva@NOTE-MC330 2026-09-24 14:37:21" runUser="TAKENET\thais.silva" xmlns="http://microsoft.com/schemas/VisualStudio/TeamTest/2010">
  <Times creation="2026-09-24T14:37:21.1667202-03:00" queuing="2026-09-24T14:37:21.1667205-03:00" start="2026-09-24T14:37:19.5610568-03:00" finish="2026-09-24T14:37:21.2447615-03:00" />
  <TestSettings name="default" id="1b2ca23c-0931-4fa7-9bbc-d061f1168ff1">
    <Deployment runDeploymentRoot="thais.silva_NOTE-MC330_2026-09-24_14_37_21" />
  </TestSettings>
  <Results>
    <UnitTestResult executionId="21f437e8-de82-4057-8087-6baec302b7d6" testId="95d200ea-3bf1-04de-8d8d-3e519febffd9" testName="RejectQuoteWithNoItems" computerName="NOTE-MC330" duration="00:00:00.0035807" startTime="2026-09-24T14:37:21.0444898-03:00" endTime="2026-09-24T14:37:21.0482109-03:00" testType="13cdc9d9-ddb5-4fa4-a97d-d965ccfc6d4b" outcome="Passed" testListId="8c84fa94-04c1-424b-9868-57a2d4851a1d" relativeResultsDirectory="21f437e8-de82-4057-8087-6baec302b7d6">
      <Output>
        <StdOut>Given a customer "Customer F"&#xD;
-&gt; done: CreateQuoteSteps.GivenACustomer("Customer F") (0.0s)&#xD;
When I try to create the quote&#xD;
-&gt; done: CreateQuoteSteps.WhenITryToCreateTheQuote() (0.0s)&#xD;
Then the HTTP status should be 400&#xD;
-&gt; done: CreateQuoteSteps.ThenTheHttpStatusShouldBe(400) (0.0s)&#xD;
And the error response should contain "Customer or Items cannot be null or empty"&#xD;
-&gt; done: CreateQuoteSteps.ThenTheErrorResponseShouldContain("Customer or Items...") (0.0s)&#xD;
&#xD;
&#xD;
&#xD;
TestContext Messages:&#xD;
Given a customer "Customer F"&#xD;
-&gt; done: CreateQuoteSteps.GivenACustomer("Customer F") (0.0s)&#xD;
When I try to create the quote&#xD;
-&gt; done: CreateQuoteSteps.WhenITryToCreateTheQuote() (0.0s)&#xD;
Then the HTTP status should be 400&#xD;
-&gt; done: CreateQuoteSteps.ThenTheHttpStatusShouldBe(400) (0.0s)&#xD;
And the error response should contain "Customer or Items cannot be null or empty"&#xD;
-&gt; done: CreateQuoteSteps.ThenTheErrorResponseShouldContain("Customer or Items...") (0.0s)</StdOut>
      </Output>
    </UnitTestResult>
    <UnitTestResult executionId="1d7227d0-eead-4ab8-9f23-db76c918f046" testId="f66610a1-9fc1-2fc2-3ba8-16e7cadc4bc6" testName="RejectQuoteWithNegativeUnitaryPrice" computerName="NOTE-MC330" duration="00:00:00.0055940" startTime="2026-09-24T14:37:21.1006405-03:00" endTime="2026-09-24T14:37:21.1064763-03:00" testType="13cdc9d9-ddb5-4fa4-a97d-d965ccfc6d4b" outcome="Failed" testListId="8c84fa94-04c1-424b-9868-57a2d4851a1d" relativeResultsDirectory="1d7227d0-eead-4ab8-9f23-db76c918f046">
      <Output>
        <StdOut>Given a customer "Customer I"&#xD;
-&gt; done: CreateQuoteSteps.GivenACustomer("Customer I") (0.0s)&#xD;
And an item "Banana" with quantity 1 and unitary price -5&#xD;
-&gt; done: CreateQuoteSteps.GivenAnItem("Banana", 1, -5) (0.0s)&#xD;
When I try to create the quote&#xD;
-&gt; done: CreateQuoteSteps.WhenITryToCreateTheQuote() (0.0s)&#xD;
Then the HTTP status should be 400&#xD;
-&gt; error: Assert.AreEqual falhou. Esperado:&lt;400&gt;. Real:&lt;200&gt;.  (0.0s)&#xD;
&#xD;
&#xD;
&#xD;
TestContext Messages:&#xD;
Given a customer "Customer I"&#xD;
-&gt; done: CreateQuoteSteps.GivenACustomer("Customer I") (0.0s)&#xD;
And an item "Banana" with quantity 1 and unitary price -5&#xD;
-&gt; done: CreateQuoteSteps.GivenAnItem("Banana", 1, -5) (0.0s)&#xD;
When I try to create the quote&#xD;
-&gt; done: CreateQuoteSteps.WhenITryToCreateTheQuote() (0.0s)&#xD;
Then the HTTP status should be 400&#xD;
-&gt; error: Assert.AreEqual falhou. Esperado:&lt;400&gt;. Real:&lt;200&gt;.  (0.0s)</StdOut>
        <ErrorInfo>
          <Message>Assert.AreEqual falhou. Esperado:&lt;400&gt;. Real:&lt;200&gt;. </Message>
          <StackTrace>   at QuoteAcceptanceTests.StepDefinitions.CreateQuoteSteps.ThenTheHttpStatusShouldBe(Int32 expectedStatus) in C:\Eurofins\QualityAssuranceTakeHome\Sources\Quote.Solution\QuoteAcceptanceTests\StepDefinitions\CreateQuoteSteps.cs:line 202&#xD;
   at InvokeStub_Action`2.Invoke(Object, Span`1)&#xD;
   at System.Reflection.MethodBaseInvoker.InvokeWithFewArgs(Object obj, BindingFlags invokeAttr, Binder binder, Object[] parameters, CultureInfo culture)&#xD;
--- End of stack trace from previous location ---&#xD;
   at Reqnroll.Bindings.BindingInvoker.InvokeBindingAsync(IBinding binding, IContextManager contextManager, Object[] arguments, ITestTracer testTracer, DurationHolder durationHolder)&#xD;
   at Reqnroll.Infrastructure.TestExecutionEngine.ExecuteStepMatchAsync(BindingMatch match, Object[] arguments, DurationHolder durationHolder)&#xD;
   at Reqnroll.Infrastructure.TestExecutionEngine.ExecuteStepAsync(IContextManager contextManager, StepInstance stepInstance)&#xD;
   at Reqnroll.Infrastructure.TestExecutionEngine.OnAfterLastStepAsync()&#xD;
   at Reqnroll.TestRunner.CollectScenarioErrorsAsync()&#xD;
   at QuoteAcceptanceTests.Features.CreateQuoteFeature.ScenarioCleanupAsync()&#xD;
   at QuoteAcceptanceTests.Features.CreateQuoteFeature.RejectQuoteWithNegativeUnitaryPrice() in C:\Eurofins\QualityAssuranceTakeHome\Sources\Quote.Solution\QuoteAcceptanceTests\Features\CreateQuote.feature:line 92&#xD;
</StackTrace>
        </ErrorInfo>
      </Output>
    </UnitTestResult>
    <UnitTestResult executionId="09745c2a-362f-46cb-8b65-fa2bad372b8d" testId="d06ce2b1-4175-7b37-4ffb-c55c4a562b1e" testName="RejectQuoteWithEmptyItemName" computerName="NOTE-MC330" duration="00:00:00.0137363" startTime="2026-09-24T14:37:21.0482731-03:00" endTime="2026-09-24T14:37:21.0624097-03:00" testType="13cdc9d9-ddb5-4fa4-a97d-d965ccfc6d4b" outcome="Failed" testListId="8c84fa94-04c1-424b-9868-57a2d4851a1d" relativeResultsDirectory="09745c2a-362f-46cb-8b65-fa2bad372b8d">
      <Output>
        <StdOut>Given a customer "Customer G"&#xD;
-&gt; done: CreateQuoteSteps.GivenACustomer("Customer G") (0.0s)&#xD;
And an item "" with quantity 1 and unitary price 5&#xD;
-&gt; done: CreateQuoteSteps.GivenAnItem("", 1, 5) (0.0s)&#xD;
When I try to create the quote&#xD;
-&gt; done: CreateQuoteSteps.WhenITryToCreateTheQuote() (0.0s)&#xD;
Then the HTTP status should be 400&#xD;
-&gt; error: Assert.AreEqual falhou. Esperado:&lt;400&gt;. Real:&lt;200&gt;.  (0.0s)&#xD;
&#xD;
&#xD;
&#xD;
TestContext Messages:&#xD;
Given a customer "Customer G"&#xD;
-&gt; done: CreateQuoteSteps.GivenACustomer("Customer G") (0.0s)&#xD;
And an item "" with quantity 1 and unitary price 5&#xD;
-&gt; done: CreateQuoteSteps.GivenAnItem("", 1, 5) (0.0s)&#xD;
When I try to create the quote&#xD;
-&gt; done: CreateQuoteSteps.WhenITryToCreateTheQuote() (0.0s)&#xD;
Then the HTTP status should be 400&#xD;
-&gt; error: Assert.AreEqual falhou. Esperado:&lt;400&gt;. Real:&lt;200&gt;.  (0.0s)</StdOut>
        <ErrorInfo>
          <Message>Assert.AreEqual falhou. Esperado:&lt;400&gt;. Real:&lt;200&gt;. </Message>
          <StackTrace>   at QuoteAcceptanceTests.StepDefinitions.CreateQuoteSteps.ThenTheHttpStatusShouldBe(Int32 expectedStatus) in C:\Eurofins\QualityAssuranceTakeHome\Sources\Quote.Solution\QuoteAcceptanceTests\StepDefinitions\CreateQuoteSteps.cs:line 202&#xD;
   at InvokeStub_Action`2.Invoke(Object, Span`1)&#xD;
   at System.Reflection.MethodBaseInvoker.InvokeWithFewArgs(Object obj, BindingFlags invokeAttr, Binder binder, Object[] parameters, CultureInfo culture)&#xD;
--- End of stack trace from previous location ---&#xD;
   at Reqnroll.Bindings.BindingInvoker.InvokeBindingAsync(IBinding binding, IContextManager contextManager, Object[] arguments, ITestTracer testTracer, DurationHolder durationHolder)&#xD;
   at Reqnroll.Infrastructure.TestExecutionEngine.ExecuteStepMatchAsync(BindingMatch match, Object[] arguments, DurationHolder durationHolder)&#xD;
   at Reqnroll.Infrastructure.TestExecutionEngine.ExecuteStepAsync(IContextManager contextManager, StepInstance stepInstance)&#xD;
   at Reqnroll.Infrastructure.TestExecutionEngine.OnAfterLastStepAsync()&#xD;
   at Reqnroll.TestRunner.CollectScenarioErrorsAsync()&#xD;
   at QuoteAcceptanceTests.Features.CreateQuoteFeature.ScenarioCleanupAsync()&#xD;
   at QuoteAcceptanceTests.Features.CreateQuoteFeature.RejectQuoteWithEmptyItemName() in C:\Eurofins\QualityAssuranceTakeHome\Sources\Quote.Solution\QuoteAcceptanceTests\Features\CreateQuote.feature:line 78&#xD;
</StackTrace>
        </ErrorInfo>
      </Output>
    </UnitTestResult>
    <UnitTestResult executionId="f2fe91fd-080f-4cb8-a04f-5b2d2a99090e" testId="84517ab1-9183-c601-1690-ec5bda715a0d" testName="SuccessfullyCreateANewQuoteWithOneItem (Customer B,Milk,2,10,20,)" computerName="NOTE-MC330" duration="00:00:00.0070206" startTime="2026-09-24T14:37:21.0116050-03:00" endTime="2026-09-24T14:37:21.0189128-03:00" testType="13cdc9d9-ddb5-4fa4-a97d-d965ccfc6d4b" outcome="Passed" testListId="8c84fa94-04c1-424b-9868-57a2d4851a1d" relativeResultsDirectory="f2fe91fd-080f-4cb8-a04f-5b2d2a99090e">
      <Output>
        <StdOut>Given a customer "Customer B"&#xD;
-&gt; done: CreateQuoteSteps.GivenACustomer("Customer B") (0.0s)&#xD;
And an item "Milk" with quantity 2 and unitary price 10&#xD;
-&gt; done: CreateQuoteSteps.GivenAnItem("Milk", 2, 10) (0.0s)&#xD;
When I create the quote&#xD;
-&gt; done: CreateQuoteSteps.WhenICreateTheQuote() (0.0s)&#xD;
Then the line price should be 20&#xD;
-&gt; done: CreateQuoteSteps.ThenTheLinePriceShouldBe(20) (0.0s)&#xD;
And the confirmation message should be "Quote created successfully."&#xD;
-&gt; done: CreateQuoteSteps.ThenTheConfirmationMessageShouldBe("Quote created suc...") (0.0s)&#xD;
&#xD;
&#xD;
&#xD;
TestContext Messages:&#xD;
Given a customer "Customer B"&#xD;
-&gt; done: CreateQuoteSteps.GivenACustomer("Customer B") (0.0s)&#xD;
And an item "Milk" with quantity 2 and unitary price 10&#xD;
-&gt; done: CreateQuoteSteps.GivenAnItem("Milk", 2, 10) (0.0s)&#xD;
When I create the quote&#xD;
-&gt; done: CreateQuoteSteps.WhenICreateTheQuote() (0.0s)&#xD;
Then the line price should be 20&#xD;
-&gt; done: CreateQuoteSteps.ThenTheLinePriceShouldBe(20) (0.0s)&#xD;
And the confirmation message should be "Quote created successfully."&#xD;
-&gt; done: CreateQuoteSteps.ThenTheConfirmationMessageShouldBe("Quote created suc...") (0.0s)</StdOut>
      </Output>
    </UnitTestResult>
    <UnitTestResult executionId="1d36c510-8a0c-4d2e-acef-3692df8d8578" testId="040ff182-9e7d-c39f-cce1-a0e767815760" testName="SuccessfullyCreateANewQuoteWithTwoItems (Customer D,Banana,3,5,Milk,2,10,35,)" computerName="NOTE-MC330" duration="00:00:00.0061316" startTime="2026-09-24T14:37:21.0257794-03:00" endTime="2026-09-24T14:37:21.0321086-03:00" testType="13cdc9d9-ddb5-4fa4-a97d-d965ccfc6d4b" outcome="Passed" testListId="8c84fa94-04c1-424b-9868-57a2d4851a1d" relativeResultsDirectory="1d36c510-8a0c-4d2e-acef-3692df8d8578">
      <Output>
        <StdOut>Given a customer "Customer D"&#xD;
-&gt; done: CreateQuoteSteps.GivenACustomer("Customer D") (0.0s)&#xD;
And an item "Banana" with quantity 3 and unitary price 5&#xD;
-&gt; done: CreateQuoteSteps.GivenAnItem("Banana", 3, 5) (0.0s)&#xD;
And an item "Milk" with quantity 2 and unitary price 10&#xD;
-&gt; done: CreateQuoteSteps.GivenAnItem("Milk", 2, 10) (0.0s)&#xD;
When I create the quote&#xD;
-&gt; done: CreateQuoteSteps.WhenICreateTheQuote() (0.0s)&#xD;
Then the quote should contain 2 lines&#xD;
-&gt; done: CreateQuoteSteps.ThenTheQuoteShouldContainLines(2) (0.0s)&#xD;
And the total price should be 35&#xD;
-&gt; done: CreateQuoteSteps.ThenTheTotalPriceShouldBe(35) (0.0s)&#xD;
And the confirmation message should be "Quote created successfully."&#xD;
-&gt; done: CreateQuoteSteps.ThenTheConfirmationMessageShouldBe("Quote created suc...") (0.0s)&#xD;
&#xD;
&#xD;
&#xD;
TestContext Messages:&#xD;
Given a customer "Customer D"&#xD;
-&gt; done: CreateQuoteSteps.GivenACustomer("Customer D") (0.0s)&#xD;
And an item "Banana" with quantity 3 and unitary price 5&#xD;
-&gt; done: CreateQuoteSteps.GivenAnItem("Banana", 3, 5) (0.0s)&#xD;
And an item "Milk" with quantity 2 and unitary price 10&#xD;
-&gt; done: CreateQuoteSteps.GivenAnItem("Milk", 2, 10) (0.0s)&#xD;
When I create the quote&#xD;
-&gt; done: CreateQuoteSteps.WhenICreateTheQuote() (0.0s)&#xD;
Then the quote should contain 2 lines&#xD;
-&gt; done: CreateQuoteSteps.ThenTheQuoteShouldContainLines(2) (0.0s)&#xD;
And the total price should be 35&#xD;
-&gt; done: CreateQuoteSteps.ThenTheTotalPriceShouldBe(35) (0.0s)&#xD;
And the confirmation message should be "Quote created successfully."&#xD;
-&gt; done: CreateQuoteSteps.ThenTheConfirmationMessageShouldBe("Quote created suc...") (0.0s)</StdOut>
      </Output>
    </UnitTestResult>
    <UnitTestResult executionId="ce7c35aa-5477-40a5-a43d-d2c6f6cd58f1" testId="0659643b-56ba-01f9-ea00-af009878998f" testName="RejectQuoteWithNegativeItemQuantity" computerName="NOTE-MC330" duration="00:00:00.0046720" startTime="2026-09-24T14:37:21.0625375-03:00" endTime="2026-09-24T14:37:21.0673767-03:00" testType="13cdc9d9-ddb5-4fa4-a97d-d965ccfc6d4b" outcome="Failed" testListId="8c84fa94-04c1-424b-9868-57a2d4851a1d" relativeResultsDirectory="ce7c35aa-5477-40a5-a43d-d2c6f6cd58f1">
      <Output>
        <StdOut>Given a customer "Customer H"&#xD;
-&gt; done: CreateQuoteSteps.GivenACustomer("Customer H") (0.0s)&#xD;
And an item "Banana" with quantity -1 and unitary price 5&#xD;
-&gt; done: CreateQuoteSteps.GivenAnItem("Banana", -1, 5) (0.0s)&#xD;
When I try to create the quote&#xD;
-&gt; done: CreateQuoteSteps.WhenITryToCreateTheQuote() (0.0s)&#xD;
Then the HTTP status should be 400&#xD;
-&gt; error: Assert.AreEqual falhou. Esperado:&lt;400&gt;. Real:&lt;200&gt;.  (0.0s)&#xD;
&#xD;
&#xD;
&#xD;
TestContext Messages:&#xD;
Given a customer "Customer H"&#xD;
-&gt; done: CreateQuoteSteps.GivenACustomer("Customer H") (0.0s)&#xD;
And an item "Banana" with quantity -1 and unitary price 5&#xD;
-&gt; done: CreateQuoteSteps.GivenAnItem("Banana", -1, 5) (0.0s)&#xD;
When I try to create the quote&#xD;
-&gt; done: CreateQuoteSteps.WhenITryToCreateTheQuote() (0.0s)&#xD;
Then the HTTP status should be 400&#xD;
-&gt; error: Assert.AreEqual falhou. Esperado:&lt;400&gt;. Real:&lt;200&gt;.  (0.0s)</StdOut>
        <ErrorInfo>
          <Message>Assert.AreEqual falhou. Esperado:&lt;400&gt;. Real:&lt;200&gt;. </Message>
          <StackTrace>   at QuoteAcceptanceTests.StepDefinitions.CreateQuoteSteps.ThenTheHttpStatusShouldBe(Int32 expectedStatus) in C:\Eurofins\QualityAssuranceTakeHome\Sources\Quote.Solution\QuoteAcceptanceTests\StepDefinitions\CreateQuoteSteps.cs:line 202&#xD;
   at InvokeStub_Action`2.Invoke(Object, Span`1)&#xD;
   at System.Reflection.MethodBaseInvoker.InvokeWithFewArgs(Object obj, BindingFlags invokeAttr, Binder binder, Object[] parameters, CultureInfo culture)&#xD;
--- End of stack trace from previous location ---&#xD;
   at Reqnroll.Bindings.BindingInvoker.InvokeBindingAsync(IBinding binding, IContextManager contextManager, Object[] arguments, ITestTracer testTracer, DurationHolder durationHolder)&#xD;
   at Reqnroll.Infrastructure.TestExecutionEngine.ExecuteStepMatchAsync(BindingMatch match, Object[] arguments, DurationHolder durationHolder)&#xD;
   at Reqnroll.Infrastructure.TestExecutionEngine.ExecuteStepAsync(IContextManager contextManager, StepInstance stepInstance)&#xD;
   at Reqnroll.Infrastructure.TestExecutionEngine.OnAfterLastStepAsync()&#xD;
   at Reqnroll.TestRunner.CollectScenarioErrorsAsync()&#xD;
   at QuoteAcceptanceTests.Features.CreateQuoteFeature.ScenarioCleanupAsync()&#xD;
   at QuoteAcceptanceTests.Features.CreateQuoteFeature.RejectQuoteWithNegativeItemQuantity() in C:\Eurofins\QualityAssuranceTakeHome\Sources\Quote.Solution\QuoteAcceptanceTests\Features\CreateQuote.feature:line 85&#xD;
</StackTrace>
        </ErrorInfo>
      </Output>
    </UnitTestResult>
    <UnitTestResult executionId="9248ca0a-1545-4d07-9962-4828424a23ac" testId="f8173a55-3d58-673c-2077-b38297107dd4" testName="RejectQuoteWithZeroItemQuantity" computerName="NOTE-MC330" duration="00:00:00.0050240" startTime="2026-09-24T14:37:21.1222658-03:00" endTime="2026-09-24T14:37:21.1275126-03:00" testType="13cdc9d9-ddb5-4fa4-a97d-d965ccfc6d4b" outcome="Failed" testListId="8c84fa94-04c1-424b-9868-57a2d4851a1d" relativeResultsDirectory="9248ca0a-1545-4d07-9962-4828424a23ac">
      <Output>
        <StdOut>Given a customer "Customer L"&#xD;
-&gt; done: CreateQuoteSteps.GivenACustomer("Customer L") (0.0s)&#xD;
And an item "Banana" with quantity 0 and unitary price 5&#xD;
-&gt; done: CreateQuoteSteps.GivenAnItem("Banana", 0, 5) (0.0s)&#xD;
When I try to create the quote&#xD;
-&gt; done: CreateQuoteSteps.WhenITryToCreateTheQuote() (0.0s)&#xD;
Then the HTTP status should be 400&#xD;
-&gt; error: Assert.AreEqual falhou. Esperado:&lt;400&gt;. Real:&lt;200&gt;.  (0.0s)&#xD;
&#xD;
&#xD;
&#xD;
TestContext Messages:&#xD;
Given a customer "Customer L"&#xD;
-&gt; done: CreateQuoteSteps.GivenACustomer("Customer L") (0.0s)&#xD;
And an item "Banana" with quantity 0 and unitary price 5&#xD;
-&gt; done: CreateQuoteSteps.GivenAnItem("Banana", 0, 5) (0.0s)&#xD;
When I try to create the quote&#xD;
-&gt; done: CreateQuoteSteps.WhenITryToCreateTheQuote() (0.0s)&#xD;
Then the HTTP status should be 400&#xD;
-&gt; error: Assert.AreEqual falhou. Esperado:&lt;400&gt;. Real:&lt;200&gt;.  (0.0s)</StdOut>
        <ErrorInfo>
          <Message>Assert.AreEqual falhou. Esperado:&lt;400&gt;. Real:&lt;200&gt;. </Message>
          <StackTrace>   at QuoteAcceptanceTests.StepDefinitions.CreateQuoteSteps.ThenTheHttpStatusShouldBe(Int32 expectedStatus) in C:\Eurofins\QualityAssuranceTakeHome\Sources\Quote.Solution\QuoteAcceptanceTests\StepDefinitions\CreateQuoteSteps.cs:line 202&#xD;
   at InvokeStub_Action`2.Invoke(Object, Span`1)&#xD;
   at System.Reflection.MethodBaseInvoker.InvokeWithFewArgs(Object obj, BindingFlags invokeAttr, Binder binder, Object[] parameters, CultureInfo culture)&#xD;
--- End of stack trace from previous location ---&#xD;
   at Reqnroll.Bindings.BindingInvoker.InvokeBindingAsync(IBinding binding, IContextManager contextManager, Object[] arguments, ITestTracer testTracer, DurationHolder durationHolder)&#xD;
   at Reqnroll.Infrastructure.TestExecutionEngine.ExecuteStepMatchAsync(BindingMatch match, Object[] arguments, DurationHolder durationHolder)&#xD;
   at Reqnroll.Infrastructure.TestExecutionEngine.ExecuteStepAsync(IContextManager contextManager, StepInstance stepInstance)&#xD;
   at Reqnroll.Infrastructure.TestExecutionEngine.OnAfterLastStepAsync()&#xD;
   at Reqnroll.TestRunner.CollectScenarioErrorsAsync()&#xD;
   at QuoteAcceptanceTests.Features.CreateQuoteFeature.ScenarioCleanupAsync()&#xD;
   at QuoteAcceptanceTests.Features.CreateQuoteFeature.RejectQuoteWithZeroItemQuantity() in C:\Eurofins\QualityAssuranceTakeHome\Sources\Quote.Solution\QuoteAcceptanceTests\Features\CreateQuote.feature:line 116&#xD;
</StackTrace>
        </ErrorInfo>
      </Output>
    </UnitTestResult>
    <UnitTestResult executionId="6f8abbb0-19f5-4f79-806f-9026365d9ef9" testId="64a1b224-85e2-a446-e140-23058bb7f166" testName="RejectQuoteWithDiscountGreaterThan100Percent" computerName="NOTE-MC330" duration="00:00:00.0048855" startTime="2026-09-24T14:37:21.1065464-03:00" endTime="2026-09-24T14:37:21.1116047-03:00" testType="13cdc9d9-ddb5-4fa4-a97d-d965ccfc6d4b" outcome="Failed" testListId="8c84fa94-04c1-424b-9868-57a2d4851a1d" relativeResultsDirectory="6f8abbb0-19f5-4f79-806f-9026365d9ef9">
      <Output>
        <StdOut>Given a customer "Customer J"&#xD;
-&gt; done: CreateQuoteSteps.GivenACustomer("Customer J") (0.0s)&#xD;
And an item "Notebook" with quantity 1, unitary price 100 and discount 1.10&#xD;
-&gt; done: CreateQuoteSteps.GivenAnItemWithDiscount("Notebook", 1, 100, 1.1) (0.0s)&#xD;
When I try to create the quote&#xD;
-&gt; done: CreateQuoteSteps.WhenITryToCreateTheQuote() (0.0s)&#xD;
Then the HTTP status should be 400&#xD;
-&gt; error: Assert.AreEqual falhou. Esperado:&lt;400&gt;. Real:&lt;200&gt;.  (0.0s)&#xD;
&#xD;
&#xD;
&#xD;
TestContext Messages:&#xD;
Given a customer "Customer J"&#xD;
-&gt; done: CreateQuoteSteps.GivenACustomer("Customer J") (0.0s)&#xD;
And an item "Notebook" with quantity 1, unitary price 100 and discount 1.10&#xD;
-&gt; done: CreateQuoteSteps.GivenAnItemWithDiscount("Notebook", 1, 100, 1.1) (0.0s)&#xD;
When I try to create the quote&#xD;
-&gt; done: CreateQuoteSteps.WhenITryToCreateTheQuote() (0.0s)&#xD;
Then the HTTP status should be 400&#xD;
-&gt; error: Assert.AreEqual falhou. Esperado:&lt;400&gt;. Real:&lt;200&gt;.  (0.0s)</StdOut>
        <ErrorInfo>
          <Message>Assert.AreEqual falhou. Esperado:&lt;400&gt;. Real:&lt;200&gt;. </Message>
          <StackTrace>   at QuoteAcceptanceTests.StepDefinitions.CreateQuoteSteps.ThenTheHttpStatusShouldBe(Int32 expectedStatus) in C:\Eurofins\QualityAssuranceTakeHome\Sources\Quote.Solution\QuoteAcceptanceTests\StepDefinitions\CreateQuoteSteps.cs:line 202&#xD;
   at InvokeStub_Action`2.Invoke(Object, Span`1)&#xD;
   at System.Reflection.MethodBaseInvoker.InvokeWithFewArgs(Object obj, BindingFlags invokeAttr, Binder binder, Object[] parameters, CultureInfo culture)&#xD;
--- End of stack trace from previous location ---&#xD;
   at Reqnroll.Bindings.BindingInvoker.InvokeBindingAsync(IBinding binding, IContextManager contextManager, Object[] arguments, ITestTracer testTracer, DurationHolder durationHolder)&#xD;
   at Reqnroll.Infrastructure.TestExecutionEngine.ExecuteStepMatchAsync(BindingMatch match, Object[] arguments, DurationHolder durationHolder)&#xD;
   at Reqnroll.Infrastructure.TestExecutionEngine.ExecuteStepAsync(IContextManager contextManager, StepInstance stepInstance)&#xD;
   at Reqnroll.Infrastructure.TestExecutionEngine.OnAfterLastStepAsync()&#xD;
   at Reqnroll.TestRunner.CollectScenarioErrorsAsync()&#xD;
   at QuoteAcceptanceTests.Features.CreateQuoteFeature.ScenarioCleanupAsync()&#xD;
   at QuoteAcceptanceTests.Features.CreateQuoteFeature.RejectQuoteWithDiscountGreaterThan100Percent() in C:\Eurofins\QualityAssuranceTakeHome\Sources\Quote.Solution\QuoteAcceptanceTests\Features\CreateQuote.feature:line 99&#xD;
</StackTrace>
        </ErrorInfo>
      </Output>
    </UnitTestResult>
    <UnitTestResult executionId="854501cb-737d-49c5-ac0b-5677de1000dd" testId="27ad4e40-da18-2957-631d-3ff19adb554b" testName="AbleToAccessIsAlivePageWhileTheServiceIsRunning" computerName="NOTE-MC330" duration="00:00:00.0096979" startTime="2026-09-24T14:37:21.1505149-03:00" endTime="2026-09-24T14:37:21.1651416-03:00" testType="13cdc9d9-ddb5-4fa4-a97d-d965ccfc6d4b" outcome="Passed" testListId="8c84fa94-04c1-424b-9868-57a2d4851a1d" relativeResultsDirectory="854501cb-737d-49c5-ac0b-5677de1000dd">
      <Output>
        <StdOut>Given the Quote Service Running&#xD;
-&gt; done: IsAliveSteps.GivenTheQuoteServiceRunning() (0.0s)&#xD;
When I check if it is alive&#xD;
-&gt; done: IsAliveSteps.WhenICallIsAlive() (0.0s)&#xD;
Then it returns OK (http 200)&#xD;
-&gt; done: IsAliveSteps.ThenItReturnsOk(200) (0.0s)&#xD;
&#xD;
&#xD;
&#xD;
TestContext Messages:&#xD;
Given the Quote Service Running&#xD;
-&gt; done: IsAliveSteps.GivenTheQuoteServiceRunning() (0.0s)&#xD;
When I check if it is alive&#xD;
-&gt; done: IsAliveSteps.WhenICallIsAlive() (0.0s)&#xD;
Then it returns OK (http 200)&#xD;
-&gt; done: IsAliveSteps.ThenItReturnsOk(200) (0.0s)</StdOut>
      </Output>
    </UnitTestResult>
    <UnitTestResult executionId="6895ae95-4c80-4d5f-a8ab-a6ab441070e6" testId="e1bb1a55-1b5c-bad3-9cc9-3c65932855b5" testName="SuccessfullyCreateAQuoteWithMultipleItemsIncludingDiscount (Customer E,Notebook,2,100,0.10,Mouse,1,50,230,)" computerName="NOTE-MC330" duration="00:00:00.0041653" startTime="2026-09-24T14:37:21.0321735-03:00" endTime="2026-09-24T14:37:21.0365460-03:00" testType="13cdc9d9-ddb5-4fa4-a97d-d965ccfc6d4b" outcome="Passed" testListId="8c84fa94-04c1-424b-9868-57a2d4851a1d" relativeResultsDirectory="6895ae95-4c80-4d5f-a8ab-a6ab441070e6">
      <Output>
        <StdOut>Given a customer "Customer E"&#xD;
-&gt; done: CreateQuoteSteps.GivenACustomer("Customer E") (0.0s)&#xD;
And an item "Notebook" with quantity 2, unitary price 100 and discount 0.10&#xD;
-&gt; done: CreateQuoteSteps.GivenAnItemWithDiscount("Notebook", 2, 100, 0.1) (0.0s)&#xD;
And an item "Mouse" with quantity 1 and unitary price 50&#xD;
-&gt; done: CreateQuoteSteps.GivenAnItem("Mouse", 1, 50) (0.0s)&#xD;
When I create the quote&#xD;
-&gt; done: CreateQuoteSteps.WhenICreateTheQuote() (0.0s)&#xD;
Then the quote should contain 2 lines&#xD;
-&gt; done: CreateQuoteSteps.ThenTheQuoteShouldContainLines(2) (0.0s)&#xD;
And the total price should be 230&#xD;
-&gt; done: CreateQuoteSteps.ThenTheTotalPriceShouldBe(230) (0.0s)&#xD;
And the confirmation message should be "Quote created successfully."&#xD;
-&gt; done: CreateQuoteSteps.ThenTheConfirmationMessageShouldBe("Quote created suc...") (0.0s)&#xD;
&#xD;
&#xD;
&#xD;
TestContext Messages:&#xD;
Given a customer "Customer E"&#xD;
-&gt; done: CreateQuoteSteps.GivenACustomer("Customer E") (0.0s)&#xD;
And an item "Notebook" with quantity 2, unitary price 100 and discount 0.10&#xD;
-&gt; done: CreateQuoteSteps.GivenAnItemWithDiscount("Notebook", 2, 100, 0.1) (0.0s)&#xD;
And an item "Mouse" with quantity 1 and unitary price 50&#xD;
-&gt; done: CreateQuoteSteps.GivenAnItem("Mouse", 1, 50) (0.0s)&#xD;
When I create the quote&#xD;
-&gt; done: CreateQuoteSteps.WhenICreateTheQuote() (0.0s)&#xD;
Then the quote should contain 2 lines&#xD;
-&gt; done: CreateQuoteSteps.ThenTheQuoteShouldContainLines(2) (0.0s)&#xD;
And the total price should be 230&#xD;
-&gt; done: CreateQuoteSteps.ThenTheTotalPriceShouldBe(230) (0.0s)&#xD;
And the confirmation message should be "Quote created successfully."&#xD;
-&gt; done: CreateQuoteSteps.ThenTheConfirmationMessageShouldBe("Quote created suc...") (0.0s)</StdOut>
      </Output>
    </UnitTestResult>
    <UnitTestResult executionId="d5b7d313-c528-4c61-8a5a-bb4db6391b03" testId="f5d6b42b-4c89-1761-68dd-53a865bffc36" testName="RejectQuoteWithEmptyCustomer" computerName="NOTE-MC330" duration="00:00:00.0065476" startTime="2026-09-24T14:37:21.0366109-03:00" endTime="2026-09-24T14:37:21.0444281-03:00" testType="13cdc9d9-ddb5-4fa4-a97d-d965ccfc6d4b" outcome="Passed" testListId="8c84fa94-04c1-424b-9868-57a2d4851a1d" relativeResultsDirectory="d5b7d313-c528-4c61-8a5a-bb4db6391b03">
      <Output>
        <StdOut>Given a customer ""&#xD;
-&gt; done: CreateQuoteSteps.GivenACustomer("") (0.0s)&#xD;
And an item "Banana" with quantity 1 and unitary price 5&#xD;
-&gt; done: CreateQuoteSteps.GivenAnItem("Banana", 1, 5) (0.0s)&#xD;
When I try to create the quote&#xD;
-&gt; done: CreateQuoteSteps.WhenITryToCreateTheQuote() (0.0s)&#xD;
Then the HTTP status should be 400&#xD;
-&gt; done: CreateQuoteSteps.ThenTheHttpStatusShouldBe(400) (0.0s)&#xD;
And the error response should contain "Customer or Items cannot be null or empty"&#xD;
-&gt; done: CreateQuoteSteps.ThenTheErrorResponseShouldContain("Customer or Items...") (0.0s)&#xD;
&#xD;
&#xD;
&#xD;
TestContext Messages:&#xD;
Given a customer ""&#xD;
-&gt; done: CreateQuoteSteps.GivenACustomer("") (0.0s)&#xD;
And an item "Banana" with quantity 1 and unitary price 5&#xD;
-&gt; done: CreateQuoteSteps.GivenAnItem("Banana", 1, 5) (0.0s)&#xD;
When I try to create the quote&#xD;
-&gt; done: CreateQuoteSteps.WhenITryToCreateTheQuote() (0.0s)&#xD;
Then the HTTP status should be 400&#xD;
-&gt; done: CreateQuoteSteps.ThenTheHttpStatusShouldBe(400) (0.0s)&#xD;
And the error response should contain "Customer or Items cannot be null or empty"&#xD;
-&gt; done: CreateQuoteSteps.ThenTheErrorResponseShouldContain("Customer or Items...") (0.0s)</StdOut>
      </Output>
    </UnitTestResult>
    <UnitTestResult executionId="3f7d96ad-6f5f-4ecf-bb58-16461a4505d8" testId="45976fd1-d5a5-f6bb-4798-022c13b1c3e0" testName="SuccessfullyCreateANewQuoteWithOneItemWithDiscount (Customer C,Notebook,2,100,0.10,20,180,)" computerName="NOTE-MC330" duration="00:00:00.0062996" startTime="2026-09-24T14:37:21.0192139-03:00" endTime="2026-09-24T14:37:21.0257140-03:00" testType="13cdc9d9-ddb5-4fa4-a97d-d965ccfc6d4b" outcome="Passed" testListId="8c84fa94-04c1-424b-9868-57a2d4851a1d" relativeResultsDirectory="3f7d96ad-6f5f-4ecf-bb58-16461a4505d8">
      <Output>
        <StdOut>Given a customer "Customer C"&#xD;
-&gt; done: CreateQuoteSteps.GivenACustomer("Customer C") (0.0s)&#xD;
And an item "Notebook" with quantity 2, unitary price 100 and discount 0.10&#xD;
-&gt; done: CreateQuoteSteps.GivenAnItemWithDiscount("Notebook", 2, 100, 0.1) (0.0s)&#xD;
When I create the quote&#xD;
-&gt; done: CreateQuoteSteps.WhenICreateTheQuote() (0.0s)&#xD;
Then the discount amount should be 20&#xD;
-&gt; done: CreateQuoteSteps.ThenTheDiscountAmountShouldBe(20) (0.0s)&#xD;
And the line price should be 180&#xD;
-&gt; done: CreateQuoteSteps.ThenTheLinePriceShouldBe(180) (0.0s)&#xD;
And the confirmation message should be "Quote created successfully."&#xD;
-&gt; done: CreateQuoteSteps.ThenTheConfirmationMessageShouldBe("Quote created suc...") (0.0s)&#xD;
&#xD;
&#xD;
&#xD;
TestContext Messages:&#xD;
Given a customer "Customer C"&#xD;
-&gt; done: CreateQuoteSteps.GivenACustomer("Customer C") (0.0s)&#xD;
And an item "Notebook" with quantity 2, unitary price 100 and discount 0.10&#xD;
-&gt; done: CreateQuoteSteps.GivenAnItemWithDiscount("Notebook", 2, 100, 0.1) (0.0s)&#xD;
When I create the quote&#xD;
-&gt; done: CreateQuoteSteps.WhenICreateTheQuote() (0.0s)&#xD;
Then the discount amount should be 20&#xD;
-&gt; done: CreateQuoteSteps.ThenTheDiscountAmountShouldBe(20) (0.0s)&#xD;
And the line price should be 180&#xD;
-&gt; done: CreateQuoteSteps.ThenTheLinePriceShouldBe(180) (0.0s)&#xD;
And the confirmation message should be "Quote created successfully."&#xD;
-&gt; done: CreateQuoteSteps.ThenTheConfirmationMessageShouldBe("Quote created suc...") (0.0s)</StdOut>
      </Output>
    </UnitTestResult>
    <UnitTestResult executionId="43a2443a-ae5a-4e4e-b23d-5370c5b3d0ae" testId="97d77096-7995-c202-2f8d-587cb23491ea" testName="CreateAQuoteWith100ItemsWithinAnAcceptableResponseTime" computerName="NOTE-MC330" duration="00:00:00.0077230" startTime="2026-09-24T14:37:21.1375141-03:00" endTime="2026-09-24T14:37:21.1503171-03:00" testType="13cdc9d9-ddb5-4fa4-a97d-d965ccfc6d4b" outcome="Passed" testListId="8c84fa94-04c1-424b-9868-57a2d4851a1d" relativeResultsDirectory="43a2443a-ae5a-4e4e-b23d-5370c5b3d0ae">
      <Output>
        <StdOut>Given a customer "Performance Customer"&#xD;
-&gt; done: CreateQuoteSteps.GivenACustomer("Performance Customer") (0.0s)&#xD;
And 100 valid items&#xD;
-&gt; done: CreateQuoteSteps.GivenValidItems(100) (0.0s)&#xD;
When I create the quote measuring the response time&#xD;
-&gt; done: CreateQuoteSteps.WhenICreateTheQuoteMeasuringTheResponseTime() (0.0s)&#xD;
Then the HTTP status should be 200&#xD;
-&gt; done: CreateQuoteSteps.ThenTheHttpStatusShouldBe(200) (0.0s)&#xD;
And the quote should contain 100 lines&#xD;
-&gt; done: CreateQuoteSteps.ThenTheQuoteShouldContainLines(100) (0.0s)&#xD;
And the response time should be less than 2000 milliseconds&#xD;
-&gt; done: CreateQuoteSteps.ThenTheResponseTimeShouldBeLessThanMilliseconds(2000) (0.0s)&#xD;
&#xD;
&#xD;
&#xD;
TestContext Messages:&#xD;
Given a customer "Performance Customer"&#xD;
-&gt; done: CreateQuoteSteps.GivenACustomer("Performance Customer") (0.0s)&#xD;
And 100 valid items&#xD;
-&gt; done: CreateQuoteSteps.GivenValidItems(100) (0.0s)&#xD;
When I create the quote measuring the response time&#xD;
-&gt; done: CreateQuoteSteps.WhenICreateTheQuoteMeasuringTheResponseTime() (0.0s)&#xD;
Then the HTTP status should be 200&#xD;
-&gt; done: CreateQuoteSteps.ThenTheHttpStatusShouldBe(200) (0.0s)&#xD;
And the quote should contain 100 lines&#xD;
-&gt; done: CreateQuoteSteps.ThenTheQuoteShouldContainLines(100) (0.0s)&#xD;
And the response time should be less than 2000 milliseconds&#xD;
-&gt; done: CreateQuoteSteps.ThenTheResponseTimeShouldBeLessThanMilliseconds(2000) (0.0s)</StdOut>
      </Output>
    </UnitTestResult>
    <UnitTestResult executionId="ff668cb4-3ef9-49cf-a235-37cdb180e997" testId="a5f318cb-2718-a5de-15ec-6e4b18fe3b14" testName="RejectQuoteWithNegativeDiscount" computerName="NOTE-MC330" duration="00:00:00.0044074" startTime="2026-09-24T14:37:21.1275818-03:00" endTime="2026-09-24T14:37:21.1321451-03:00" testType="13cdc9d9-ddb5-4fa4-a97d-d965ccfc6d4b" outcome="Failed" testListId="8c84fa94-04c1-424b-9868-57a2d4851a1d" relativeResultsDirectory="ff668cb4-3ef9-49cf-a235-37cdb180e997">
      <Output>
        <StdOut>Given a customer "Customer M"&#xD;
-&gt; done: CreateQuoteSteps.GivenACustomer("Customer M") (0.0s)&#xD;
And an item "Notebook" with quantity 1, unitary price 100 and discount -0.10&#xD;
-&gt; done: CreateQuoteSteps.GivenAnItemWithDiscount("Notebook", 1, 100, -0.1) (0.0s)&#xD;
When I try to create the quote&#xD;
-&gt; done: CreateQuoteSteps.WhenITryToCreateTheQuote() (0.0s)&#xD;
Then the HTTP status should be 400&#xD;
-&gt; error: Assert.AreEqual falhou. Esperado:&lt;400&gt;. Real:&lt;200&gt;.  (0.0s)&#xD;
&#xD;
&#xD;
&#xD;
TestContext Messages:&#xD;
Given a customer "Customer M"&#xD;
-&gt; done: CreateQuoteSteps.GivenACustomer("Customer M") (0.0s)&#xD;
And an item "Notebook" with quantity 1, unitary price 100 and discount -0.10&#xD;
-&gt; done: CreateQuoteSteps.GivenAnItemWithDiscount("Notebook", 1, 100, -0.1) (0.0s)&#xD;
When I try to create the quote&#xD;
-&gt; done: CreateQuoteSteps.WhenITryToCreateTheQuote() (0.0s)&#xD;
Then the HTTP status should be 400&#xD;
-&gt; error: Assert.AreEqual falhou. Esperado:&lt;400&gt;. Real:&lt;200&gt;.  (0.0s)</StdOut>
        <ErrorInfo>
          <Message>Assert.AreEqual falhou. Esperado:&lt;400&gt;. Real:&lt;200&gt;. </Message>
          <StackTrace>   at QuoteAcceptanceTests.StepDefinitions.CreateQuoteSteps.ThenTheHttpStatusShouldBe(Int32 expectedStatus) in C:\Eurofins\QualityAssuranceTakeHome\Sources\Quote.Solution\QuoteAcceptanceTests\StepDefinitions\CreateQuoteSteps.cs:line 202&#xD;
   at InvokeStub_Action`2.Invoke(Object, Span`1)&#xD;
   at System.Reflection.MethodBaseInvoker.InvokeWithFewArgs(Object obj, BindingFlags invokeAttr, Binder binder, Object[] parameters, CultureInfo culture)&#xD;
--- End of stack trace from previous location ---&#xD;
   at Reqnroll.Bindings.BindingInvoker.InvokeBindingAsync(IBinding binding, IContextManager contextManager, Object[] arguments, ITestTracer testTracer, DurationHolder durationHolder)&#xD;
   at Reqnroll.Infrastructure.TestExecutionEngine.ExecuteStepMatchAsync(BindingMatch match, Object[] arguments, DurationHolder durationHolder)&#xD;
   at Reqnroll.Infrastructure.TestExecutionEngine.ExecuteStepAsync(IContextManager contextManager, StepInstance stepInstance)&#xD;
   at Reqnroll.Infrastructure.TestExecutionEngine.OnAfterLastStepAsync()&#xD;
   at Reqnroll.TestRunner.CollectScenarioErrorsAsync()&#xD;
   at QuoteAcceptanceTests.Features.CreateQuoteFeature.ScenarioCleanupAsync()&#xD;
   at QuoteAcceptanceTests.Features.CreateQuoteFeature.RejectQuoteWithNegativeDiscount() in C:\Eurofins\QualityAssuranceTakeHome\Sources\Quote.Solution\QuoteAcceptanceTests\Features\CreateQuote.feature:line 123&#xD;
</StackTrace>
        </ErrorInfo>
      </Output>
    </UnitTestResult>
    <UnitTestResult executionId="11b84e7d-43d4-4ce7-9789-aee61e318d17" testId="d3e17d0d-d4b0-0dec-d651-485a67d44be1" testName="SuccessfullyCreateAQuoteWith100PercentDiscount" computerName="NOTE-MC330" duration="00:00:00.0051549" startTime="2026-09-24T14:37:21.1167753-03:00" endTime="2026-09-24T14:37:21.1221801-03:00" testType="13cdc9d9-ddb5-4fa4-a97d-d965ccfc6d4b" outcome="Passed" testListId="8c84fa94-04c1-424b-9868-57a2d4851a1d" relativeResultsDirectory="11b84e7d-43d4-4ce7-9789-aee61e318d17">
      <Output>
        <StdOut>Given a customer "Customer K"&#xD;
-&gt; done: CreateQuoteSteps.GivenACustomer("Customer K") (0.0s)&#xD;
And an item "Notebook" with quantity 1, unitary price 100 and discount 1.00&#xD;
-&gt; done: CreateQuoteSteps.GivenAnItemWithDiscount("Notebook", 1, 100, 1) (0.0s)&#xD;
When I create the quote&#xD;
-&gt; done: CreateQuoteSteps.WhenICreateTheQuote() (0.0s)&#xD;
Then the discount amount should be 100&#xD;
-&gt; done: CreateQuoteSteps.ThenTheDiscountAmountShouldBe(100) (0.0s)&#xD;
And the line price should be 0&#xD;
-&gt; done: CreateQuoteSteps.ThenTheLinePriceShouldBe(0) (0.0s)&#xD;
And the total price should be 0&#xD;
-&gt; done: CreateQuoteSteps.ThenTheTotalPriceShouldBe(0) (0.0s)&#xD;
And the confirmation message should be "Quote created successfully."&#xD;
-&gt; done: CreateQuoteSteps.ThenTheConfirmationMessageShouldBe("Quote created suc...") (0.0s)&#xD;
&#xD;
&#xD;
&#xD;
TestContext Messages:&#xD;
Given a customer "Customer K"&#xD;
-&gt; done: CreateQuoteSteps.GivenACustomer("Customer K") (0.0s)&#xD;
And an item "Notebook" with quantity 1, unitary price 100 and discount 1.00&#xD;
-&gt; done: CreateQuoteSteps.GivenAnItemWithDiscount("Notebook", 1, 100, 1) (0.0s)&#xD;
When I create the quote&#xD;
-&gt; done: CreateQuoteSteps.WhenICreateTheQuote() (0.0s)&#xD;
Then the discount amount should be 100&#xD;
-&gt; done: CreateQuoteSteps.ThenTheDiscountAmountShouldBe(100) (0.0s)&#xD;
And the line price should be 0&#xD;
-&gt; done: CreateQuoteSteps.ThenTheLinePriceShouldBe(0) (0.0s)&#xD;
And the total price should be 0&#xD;
-&gt; done: CreateQuoteSteps.ThenTheTotalPriceShouldBe(0) (0.0s)&#xD;
And the confirmation message should be "Quote created successfully."&#xD;
-&gt; done: CreateQuoteSteps.ThenTheConfirmationMessageShouldBe("Quote created suc...") (0.0s)</StdOut>
      </Output>
    </UnitTestResult>
    <UnitTestResult executionId="b7f12b20-81eb-4f8a-aadd-b794057533f5" testId="23e032dc-c427-35f7-a19b-5f6c027dfed6" testName="RejectMalformedJSONWithoutExposingInternalServerDetails" computerName="NOTE-MC330" duration="00:00:00.0050538" startTime="2026-09-24T14:37:21.1322116-03:00" endTime="2026-09-24T14:37:21.1374386-03:00" testType="13cdc9d9-ddb5-4fa4-a97d-d965ccfc6d4b" outcome="Passed" testListId="8c84fa94-04c1-424b-9868-57a2d4851a1d" relativeResultsDirectory="b7f12b20-81eb-4f8a-aadd-b794057533f5">
      <Output>
        <StdOut>When I send malformed JSON to create the quote&#xD;
-&gt; done: CreateQuoteSteps.WhenISendMalformedJsonToCreateTheQuote() (0.0s)&#xD;
Then the HTTP status should be 400&#xD;
-&gt; done: CreateQuoteSteps.ThenTheHttpStatusShouldBe(400) (0.0s)&#xD;
And the response should not contain internal exception details&#xD;
-&gt; done: CreateQuoteSteps.ThenTheResponseShouldNotContainInternalExceptionDetails() (0.0s)&#xD;
&#xD;
&#xD;
&#xD;
TestContext Messages:&#xD;
When I send malformed JSON to create the quote&#xD;
-&gt; done: CreateQuoteSteps.WhenISendMalformedJsonToCreateTheQuote() (0.0s)&#xD;
Then the HTTP status should be 400&#xD;
-&gt; done: CreateQuoteSteps.ThenTheHttpStatusShouldBe(400) (0.0s)&#xD;
And the response should not contain internal exception details&#xD;
-&gt; done: CreateQuoteSteps.ThenTheResponseShouldNotContainInternalExceptionDetails() (0.0s)</StdOut>
      </Output>
    </UnitTestResult>
    <UnitTestResult executionId="372e575d-d0de-4765-8acc-00822f157fb4" testId="9378a571-20bd-4751-eed4-01299e277300" testName="SuccessfullyCreateANewQuoteWithOneItem (Customer A,Banana,3,5,15,)" computerName="NOTE-MC330" duration="00:00:00.1035368" startTime="2026-09-24T14:37:20.0746311-03:00" endTime="2026-09-24T14:37:21.0049815-03:00" testType="13cdc9d9-ddb5-4fa4-a97d-d965ccfc6d4b" outcome="Passed" testListId="8c84fa94-04c1-424b-9868-57a2d4851a1d" relativeResultsDirectory="372e575d-d0de-4765-8acc-00822f157fb4">
      <Output>
        <StdOut>-&gt; Loading plugin C:\Eurofins\QualityAssuranceTakeHome\Sources\Quote.Solution\QuoteAcceptanceTests\bin\Debug\net8.0\Reqnroll.MSTest.ReqnrollPlugin.dll&#xD;
-&gt; Loading plugin C:\Eurofins\QualityAssuranceTakeHome\Sources\Quote.Solution\QuoteAcceptanceTests\bin\Debug\net8.0\QuoteAcceptanceTests.dll&#xD;
-&gt; Using default config&#xD;
Given a customer "Customer A"&#xD;
-&gt; done: CreateQuoteSteps.GivenACustomer("Customer A") (0.0s)&#xD;
And an item "Banana" with quantity 3 and unitary price 5&#xD;
-&gt; done: CreateQuoteSteps.GivenAnItem("Banana", 3, 5) (0.0s)&#xD;
When I create the quote&#xD;
-&gt; done: CreateQuoteSteps.WhenICreateTheQuote() (0.1s)&#xD;
Then the line price should be 15&#xD;
-&gt; done: CreateQuoteSteps.ThenTheLinePriceShouldBe(15) (0.0s)&#xD;
And the confirmation message should be "Quote created successfully."&#xD;
-&gt; done: CreateQuoteSteps.ThenTheConfirmationMessageShouldBe("Quote created suc...") (0.0s)&#xD;
&#xD;
&#xD;
&#xD;
TestContext Messages:&#xD;
Given a customer "Customer A"&#xD;
-&gt; done: CreateQuoteSteps.GivenACustomer("Customer A") (0.0s)&#xD;
And an item "Banana" with quantity 3 and unitary price 5&#xD;
-&gt; done: CreateQuoteSteps.GivenAnItem("Banana", 3, 5) (0.0s)&#xD;
When I create the quote&#xD;
-&gt; done: CreateQuoteSteps.WhenICreateTheQuote() (0.1s)&#xD;
Then the line price should be 15&#xD;
-&gt; done: CreateQuoteSteps.ThenTheLinePriceShouldBe(15) (0.0s)&#xD;
And the confirmation message should be "Quote created successfully."&#xD;
-&gt; done: CreateQuoteSteps.ThenTheConfirmationMessageShouldBe("Quote created suc...") (0.0s)</StdOut>
      </Output>
    </UnitTestResult>
  </Results>
  <TestDefinitions>
    <UnitTest name="SuccessfullyCreateANewQuoteWithTwoItems (Customer D,Banana,3,5,Milk,2,10,35,)" storage="c:\eurofins\qualityassurancetakehome\sources\quote.solution\quoteacceptancetests\bin\debug\net8.0\quoteacceptancetests.dll" id="040ff182-9e7d-c39f-cce1-a0e767815760">
      <TestCategory>
        <TestCategoryItem TestCategory="CreateQuote" />
        <TestCategoryItem TestCategory="AC3" />
      </TestCategory>
      <Execution id="1d36c510-8a0c-4d2e-acef-3692df8d8578" />
      <TestMethod codeBase="C:\Eurofins\QualityAssuranceTakeHome\Sources\Quote.Solution\QuoteAcceptanceTests\bin\Debug\net8.0\QuoteAcceptanceTests.dll" adapterTypeName="executor://mstestadapter/v2" className="QuoteAcceptanceTests.Features.CreateQuoteFeature" name="SuccessfullyCreateANewQuoteWithTwoItems" />
    </UnitTest>
    <UnitTest name="SuccessfullyCreateANewQuoteWithOneItemWithDiscount (Customer C,Notebook,2,100,0.10,20,180,)" storage="c:\eurofins\qualityassurancetakehome\sources\quote.solution\quoteacceptancetests\bin\debug\net8.0\quoteacceptancetests.dll" id="45976fd1-d5a5-f6bb-4798-022c13b1c3e0">
      <TestCategory>
        <TestCategoryItem TestCategory="CreateQuote" />
        <TestCategoryItem TestCategory="AC2" />
      </TestCategory>
      <Execution id="3f7d96ad-6f5f-4ecf-bb58-16461a4505d8" />
      <TestMethod codeBase="C:\Eurofins\QualityAssuranceTakeHome\Sources\Quote.Solution\QuoteAcceptanceTests\bin\Debug\net8.0\QuoteAcceptanceTests.dll" adapterTypeName="executor://mstestadapter/v2" className="QuoteAcceptanceTests.Features.CreateQuoteFeature" name="SuccessfullyCreateANewQuoteWithOneItemWithDiscount" />
    </UnitTest>
    <UnitTest name="RejectQuoteWithEmptyCustomer" storage="c:\eurofins\qualityassurancetakehome\sources\quote.solution\quoteacceptancetests\bin\debug\net8.0\quoteacceptancetests.dll" id="f5d6b42b-4c89-1761-68dd-53a865bffc36">
      <TestCategory>
        <TestCategoryItem TestCategory="CreateQuote" />
        <TestCategoryItem TestCategory="Negative" />
      </TestCategory>
      <Execution id="d5b7d313-c528-4c61-8a5a-bb4db6391b03" />
      <TestMethod codeBase="C:\Eurofins\QualityAssuranceTakeHome\Sources\Quote.Solution\QuoteAcceptanceTests\bin\Debug\net8.0\QuoteAcceptanceTests.dll" adapterTypeName="executor://mstestadapter/v2" className="QuoteAcceptanceTests.Features.CreateQuoteFeature" name="RejectQuoteWithEmptyCustomer" />
    </UnitTest>
    <UnitTest name="RejectMalformedJSONWithoutExposingInternalServerDetails" storage="c:\eurofins\qualityassurancetakehome\sources\quote.solution\quoteacceptancetests\bin\debug\net8.0\quoteacceptancetests.dll" id="23e032dc-c427-35f7-a19b-5f6c027dfed6">
      <TestCategory>
        <TestCategoryItem TestCategory="CreateQuote" />
        <TestCategoryItem TestCategory="Security" />
      </TestCategory>
      <Execution id="b7f12b20-81eb-4f8a-aadd-b794057533f5" />
      <TestMethod codeBase="C:\Eurofins\QualityAssuranceTakeHome\Sources\Quote.Solution\QuoteAcceptanceTests\bin\Debug\net8.0\QuoteAcceptanceTests.dll" adapterTypeName="executor://mstestadapter/v2" className="QuoteAcceptanceTests.Features.CreateQuoteFeature" name="RejectMalformedJSONWithoutExposingInternalServerDetails" />
    </UnitTest>
    <UnitTest name="SuccessfullyCreateANewQuoteWithOneItem (Customer B,Milk,2,10,20,)" storage="c:\eurofins\qualityassurancetakehome\sources\quote.solution\quoteacceptancetests\bin\debug\net8.0\quoteacceptancetests.dll" id="84517ab1-9183-c601-1690-ec5bda715a0d">
      <TestCategory>
        <TestCategoryItem TestCategory="CreateQuote" />
        <TestCategoryItem TestCategory="AC1" />
      </TestCategory>
      <Execution id="f2fe91fd-080f-4cb8-a04f-5b2d2a99090e" />
      <TestMethod codeBase="C:\Eurofins\QualityAssuranceTakeHome\Sources\Quote.Solution\QuoteAcceptanceTests\bin\Debug\net8.0\QuoteAcceptanceTests.dll" adapterTypeName="executor://mstestadapter/v2" className="QuoteAcceptanceTests.Features.CreateQuoteFeature" name="SuccessfullyCreateANewQuoteWithOneItem" />
    </UnitTest>
    <UnitTest name="SuccessfullyCreateAQuoteWith100PercentDiscount" storage="c:\eurofins\qualityassurancetakehome\sources\quote.solution\quoteacceptancetests\bin\debug\net8.0\quoteacceptancetests.dll" id="d3e17d0d-d4b0-0dec-d651-485a67d44be1">
      <TestCategory>
        <TestCategoryItem TestCategory="Boundary" />
        <TestCategoryItem TestCategory="CreateQuote" />
      </TestCategory>
      <Execution id="11b84e7d-43d4-4ce7-9789-aee61e318d17" />
      <TestMethod codeBase="C:\Eurofins\QualityAssuranceTakeHome\Sources\Quote.Solution\QuoteAcceptanceTests\bin\Debug\net8.0\QuoteAcceptanceTests.dll" adapterTypeName="executor://mstestadapter/v2" className="QuoteAcceptanceTests.Features.CreateQuoteFeature" name="SuccessfullyCreateAQuoteWith100PercentDiscount" />
    </UnitTest>
    <UnitTest name="RejectQuoteWithNegativeUnitaryPrice" storage="c:\eurofins\qualityassurancetakehome\sources\quote.solution\quoteacceptancetests\bin\debug\net8.0\quoteacceptancetests.dll" id="f66610a1-9fc1-2fc2-3ba8-16e7cadc4bc6">
      <TestCategory>
        <TestCategoryItem TestCategory="Negative" />
        <TestCategoryItem TestCategory="Boundary" />
        <TestCategoryItem TestCategory="CreateQuote" />
      </TestCategory>
      <Execution id="1d7227d0-eead-4ab8-9f23-db76c918f046" />
      <TestMethod codeBase="C:\Eurofins\QualityAssuranceTakeHome\Sources\Quote.Solution\QuoteAcceptanceTests\bin\Debug\net8.0\QuoteAcceptanceTests.dll" adapterTypeName="executor://mstestadapter/v2" className="QuoteAcceptanceTests.Features.CreateQuoteFeature" name="RejectQuoteWithNegativeUnitaryPrice" />
    </UnitTest>
    <UnitTest name="RejectQuoteWithNegativeDiscount" storage="c:\eurofins\qualityassurancetakehome\sources\quote.solution\quoteacceptancetests\bin\debug\net8.0\quoteacceptancetests.dll" id="a5f318cb-2718-a5de-15ec-6e4b18fe3b14">
      <TestCategory>
        <TestCategoryItem TestCategory="Negative" />
        <TestCategoryItem TestCategory="Boundary" />
        <TestCategoryItem TestCategory="CreateQuote" />
      </TestCategory>
      <Execution id="ff668cb4-3ef9-49cf-a235-37cdb180e997" />
      <TestMethod codeBase="C:\Eurofins\QualityAssuranceTakeHome\Sources\Quote.Solution\QuoteAcceptanceTests\bin\Debug\net8.0\QuoteAcceptanceTests.dll" adapterTypeName="executor://mstestadapter/v2" className="QuoteAcceptanceTests.Features.CreateQuoteFeature" name="RejectQuoteWithNegativeDiscount" />
    </UnitTest>
    <UnitTest name="RejectQuoteWithNoItems" storage="c:\eurofins\qualityassurancetakehome\sources\quote.solution\quoteacceptancetests\bin\debug\net8.0\quoteacceptancetests.dll" id="95d200ea-3bf1-04de-8d8d-3e519febffd9">
      <TestCategory>
        <TestCategoryItem TestCategory="CreateQuote" />
        <TestCategoryItem TestCategory="Negative" />
      </TestCategory>
      <Execution id="21f437e8-de82-4057-8087-6baec302b7d6" />
      <TestMethod codeBase="C:\Eurofins\QualityAssuranceTakeHome\Sources\Quote.Solution\QuoteAcceptanceTests\bin\Debug\net8.0\QuoteAcceptanceTests.dll" adapterTypeName="executor://mstestadapter/v2" className="QuoteAcceptanceTests.Features.CreateQuoteFeature" name="RejectQuoteWithNoItems" />
    </UnitTest>
    <UnitTest name="AbleToAccessIsAlivePageWhileTheServiceIsRunning" storage="c:\eurofins\qualityassurancetakehome\sources\quote.solution\quoteacceptancetests\bin\debug\net8.0\quoteacceptancetests.dll" id="27ad4e40-da18-2957-631d-3ff19adb554b">
      <TestCategory>
        <TestCategoryItem TestCategory="IsAlive" />
      </TestCategory>
      <Execution id="854501cb-737d-49c5-ac0b-5677de1000dd" />
      <TestMethod codeBase="C:\Eurofins\QualityAssuranceTakeHome\Sources\Quote.Solution\QuoteAcceptanceTests\bin\Debug\net8.0\QuoteAcceptanceTests.dll" adapterTypeName="executor://mstestadapter/v2" className="QuoteAcceptanceTests.Features.IsAliveFeatureFeature" name="AbleToAccessIsAlivePageWhileTheServiceIsRunning" />
    </UnitTest>
    <UnitTest name="RejectQuoteWithDiscountGreaterThan100Percent" storage="c:\eurofins\qualityassurancetakehome\sources\quote.solution\quoteacceptancetests\bin\debug\net8.0\quoteacceptancetests.dll" id="64a1b224-85e2-a446-e140-23058bb7f166">
      <TestCategory>
        <TestCategoryItem TestCategory="Negative" />
        <TestCategoryItem TestCategory="Boundary" />
        <TestCategoryItem TestCategory="CreateQuote" />
      </TestCategory>
      <Execution id="6f8abbb0-19f5-4f79-806f-9026365d9ef9" />
      <TestMethod codeBase="C:\Eurofins\QualityAssuranceTakeHome\Sources\Quote.Solution\QuoteAcceptanceTests\bin\Debug\net8.0\QuoteAcceptanceTests.dll" adapterTypeName="executor://mstestadapter/v2" className="QuoteAcceptanceTests.Features.CreateQuoteFeature" name="RejectQuoteWithDiscountGreaterThan100Percent" />
    </UnitTest>
    <UnitTest name="RejectQuoteWithZeroItemQuantity" storage="c:\eurofins\qualityassurancetakehome\sources\quote.solution\quoteacceptancetests\bin\debug\net8.0\quoteacceptancetests.dll" id="f8173a55-3d58-673c-2077-b38297107dd4">
      <TestCategory>
        <TestCategoryItem TestCategory="Negative" />
        <TestCategoryItem TestCategory="Boundary" />
        <TestCategoryItem TestCategory="CreateQuote" />
      </TestCategory>
      <Execution id="9248ca0a-1545-4d07-9962-4828424a23ac" />
      <TestMethod codeBase="C:\Eurofins\QualityAssuranceTakeHome\Sources\Quote.Solution\QuoteAcceptanceTests\bin\Debug\net8.0\QuoteAcceptanceTests.dll" adapterTypeName="executor://mstestadapter/v2" className="QuoteAcceptanceTests.Features.CreateQuoteFeature" name="RejectQuoteWithZeroItemQuantity" />
    </UnitTest>
    <UnitTest name="SuccessfullyCreateANewQuoteWithOneItem (Customer A,Banana,3,5,15,)" storage="c:\eurofins\qualityassurancetakehome\sources\quote.solution\quoteacceptancetests\bin\debug\net8.0\quoteacceptancetests.dll" id="9378a571-20bd-4751-eed4-01299e277300">
      <TestCategory>
        <TestCategoryItem TestCategory="CreateQuote" />
        <TestCategoryItem TestCategory="AC1" />
      </TestCategory>
      <Execution id="372e575d-d0de-4765-8acc-00822f157fb4" />
      <TestMethod codeBase="C:\Eurofins\QualityAssuranceTakeHome\Sources\Quote.Solution\QuoteAcceptanceTests\bin\Debug\net8.0\QuoteAcceptanceTests.dll" adapterTypeName="executor://mstestadapter/v2" className="QuoteAcceptanceTests.Features.CreateQuoteFeature" name="SuccessfullyCreateANewQuoteWithOneItem" />
    </UnitTest>
    <UnitTest name="RejectQuoteWithNegativeItemQuantity" storage="c:\eurofins\qualityassurancetakehome\sources\quote.solution\quoteacceptancetests\bin\debug\net8.0\quoteacceptancetests.dll" id="0659643b-56ba-01f9-ea00-af009878998f">
      <TestCategory>
        <TestCategoryItem TestCategory="Negative" />
        <TestCategoryItem TestCategory="Boundary" />
        <TestCategoryItem TestCategory="CreateQuote" />
      </TestCategory>
      <Execution id="ce7c35aa-5477-40a5-a43d-d2c6f6cd58f1" />
      <TestMethod codeBase="C:\Eurofins\QualityAssuranceTakeHome\Sources\Quote.Solution\QuoteAcceptanceTests\bin\Debug\net8.0\QuoteAcceptanceTests.dll" adapterTypeName="executor://mstestadapter/v2" className="QuoteAcceptanceTests.Features.CreateQuoteFeature" name="RejectQuoteWithNegativeItemQuantity" />
    </UnitTest>
    <UnitTest name="CreateAQuoteWith100ItemsWithinAnAcceptableResponseTime" storage="c:\eurofins\qualityassurancetakehome\sources\quote.solution\quoteacceptancetests\bin\debug\net8.0\quoteacceptancetests.dll" id="97d77096-7995-c202-2f8d-587cb23491ea">
      <TestCategory>
        <TestCategoryItem TestCategory="Performance" />
        <TestCategoryItem TestCategory="CreateQuote" />
      </TestCategory>
      <Execution id="43a2443a-ae5a-4e4e-b23d-5370c5b3d0ae" />
      <TestMethod codeBase="C:\Eurofins\QualityAssuranceTakeHome\Sources\Quote.Solution\QuoteAcceptanceTests\bin\Debug\net8.0\QuoteAcceptanceTests.dll" adapterTypeName="executor://mstestadapter/v2" className="QuoteAcceptanceTests.Features.CreateQuoteFeature" name="CreateAQuoteWith100ItemsWithinAnAcceptableResponseTime" />
    </UnitTest>
    <UnitTest name="SuccessfullyCreateAQuoteWithMultipleItemsIncludingDiscount (Customer E,Notebook,2,100,0.10,Mouse,1,50,230,)" storage="c:\eurofins\qualityassurancetakehome\sources\quote.solution\quoteacceptancetests\bin\debug\net8.0\quoteacceptancetests.dll" id="e1bb1a55-1b5c-bad3-9cc9-3c65932855b5">
      <TestCategory>
        <TestCategoryItem TestCategory="AC4" />
        <TestCategoryItem TestCategory="CreateQuote" />
      </TestCategory>
      <Execution id="6895ae95-4c80-4d5f-a8ab-a6ab441070e6" />
      <TestMethod codeBase="C:\Eurofins\QualityAssuranceTakeHome\Sources\Quote.Solution\QuoteAcceptanceTests\bin\Debug\net8.0\QuoteAcceptanceTests.dll" adapterTypeName="executor://mstestadapter/v2" className="QuoteAcceptanceTests.Features.CreateQuoteFeature" name="SuccessfullyCreateAQuoteWithMultipleItemsIncludingDiscount" />
    </UnitTest>
    <UnitTest name="RejectQuoteWithEmptyItemName" storage="c:\eurofins\qualityassurancetakehome\sources\quote.solution\quoteacceptancetests\bin\debug\net8.0\quoteacceptancetests.dll" id="d06ce2b1-4175-7b37-4ffb-c55c4a562b1e">
      <TestCategory>
        <TestCategoryItem TestCategory="CreateQuote" />
        <TestCategoryItem TestCategory="Negative" />
      </TestCategory>
      <Execution id="09745c2a-362f-46cb-8b65-fa2bad372b8d" />
      <TestMethod codeBase="C:\Eurofins\QualityAssuranceTakeHome\Sources\Quote.Solution\QuoteAcceptanceTests\bin\Debug\net8.0\QuoteAcceptanceTests.dll" adapterTypeName="executor://mstestadapter/v2" className="QuoteAcceptanceTests.Features.CreateQuoteFeature" name="RejectQuoteWithEmptyItemName" />
    </UnitTest>
  </TestDefinitions>
  <TestEntries>
    <TestEntry testId="95d200ea-3bf1-04de-8d8d-3e519febffd9" executionId="21f437e8-de82-4057-8087-6baec302b7d6" testListId="8c84fa94-04c1-424b-9868-57a2d4851a1d" />
    <TestEntry testId="f66610a1-9fc1-2fc2-3ba8-16e7cadc4bc6" executionId="1d7227d0-eead-4ab8-9f23-db76c918f046" testListId="8c84fa94-04c1-424b-9868-57a2d4851a1d" />
    <TestEntry testId="d06ce2b1-4175-7b37-4ffb-c55c4a562b1e" executionId="09745c2a-362f-46cb-8b65-fa2bad372b8d" testListId="8c84fa94-04c1-424b-9868-57a2d4851a1d" />
    <TestEntry testId="84517ab1-9183-c601-1690-ec5bda715a0d" executionId="f2fe91fd-080f-4cb8-a04f-5b2d2a99090e" testListId="8c84fa94-04c1-424b-9868-57a2d4851a1d" />
    <TestEntry testId="040ff182-9e7d-c39f-cce1-a0e767815760" executionId="1d36c510-8a0c-4d2e-acef-3692df8d8578" testListId="8c84fa94-04c1-424b-9868-57a2d4851a1d" />
    <TestEntry testId="0659643b-56ba-01f9-ea00-af009878998f" executionId="ce7c35aa-5477-40a5-a43d-d2c6f6cd58f1" testListId="8c84fa94-04c1-424b-9868-57a2d4851a1d" />
    <TestEntry testId="f8173a55-3d58-673c-2077-b38297107dd4" executionId="9248ca0a-1545-4d07-9962-4828424a23ac" testListId="8c84fa94-04c1-424b-9868-57a2d4851a1d" />
    <TestEntry testId="64a1b224-85e2-a446-e140-23058bb7f166" executionId="6f8abbb0-19f5-4f79-806f-9026365d9ef9" testListId="8c84fa94-04c1-424b-9868-57a2d4851a1d" />
    <TestEntry testId="27ad4e40-da18-2957-631d-3ff19adb554b" executionId="854501cb-737d-49c5-ac0b-5677de1000dd" testListId="8c84fa94-04c1-424b-9868-57a2d4851a1d" />
    <TestEntry testId="e1bb1a55-1b5c-bad3-9cc9-3c65932855b5" executionId="6895ae95-4c80-4d5f-a8ab-a6ab441070e6" testListId="8c84fa94-04c1-424b-9868-57a2d4851a1d" />
    <TestEntry testId="f5d6b42b-4c89-1761-68dd-53a865bffc36" executionId="d5b7d313-c528-4c61-8a5a-bb4db6391b03" testListId="8c84fa94-04c1-424b-9868-57a2d4851a1d" />
    <TestEntry testId="45976fd1-d5a5-f6bb-4798-022c13b1c3e0" executionId="3f7d96ad-6f5f-4ecf-bb58-16461a4505d8" testListId="8c84fa94-04c1-424b-9868-57a2d4851a1d" />
    <TestEntry testId="97d77096-7995-c202-2f8d-587cb23491ea" executionId="43a2443a-ae5a-4e4e-b23d-5370c5b3d0ae" testListId="8c84fa94-04c1-424b-9868-57a2d4851a1d" />
    <TestEntry testId="a5f318cb-2718-a5de-15ec-6e4b18fe3b14" executionId="ff668cb4-3ef9-49cf-a235-37cdb180e997" testListId="8c84fa94-04c1-424b-9868-57a2d4851a1d" />
    <TestEntry testId="d3e17d0d-d4b0-0dec-d651-485a67d44be1" executionId="11b84e7d-43d4-4ce7-9789-aee61e318d17" testListId="8c84fa94-04c1-424b-9868-57a2d4851a1d" />
    <TestEntry testId="23e032dc-c427-35f7-a19b-5f6c027dfed6" executionId="b7f12b20-81eb-4f8a-aadd-b794057533f5" testListId="8c84fa94-04c1-424b-9868-57a2d4851a1d" />
    <TestEntry testId="9378a571-20bd-4751-eed4-01299e277300" executionId="372e575d-d0de-4765-8acc-00822f157fb4" testListId="8c84fa94-04c1-424b-9868-57a2d4851a1d" />
  </TestEntries>
  <TestLists>
    <TestList name="Resultados que não estão em uma lista" id="8c84fa94-04c1-424b-9868-57a2d4851a1d" />
    <TestList name="Todos os resultados carregados" id="19431567-8539-422a-85d7-44ee4e166bda" />
  </TestLists>
  <ResultSummary outcome="Failed">
    <Counters total="17" executed="17" passed="11" failed="6" error="0" timeout="0" aborted="0" inconclusive="0" passedButRunAborted="0" notRunnable="0" notExecuted="0" disconnected="0" warning="0" completed="0" inProgress="0" pending="0" />
  </ResultSummary>
</TestRun>