<?xml version="1.0" encoding="utf-8"?>
<TestRun id="6701976b-0dd1-4ff1-9509-5f6c57531337" name="thais.silva@NOTE-MC330 2026-09-24 17:52:39" runUser="TAKENET\thais.silva" xmlns="http://microsoft.com/schemas/VisualStudio/TeamTest/2010">
  <Times creation="2026-09-24T17:52:39.5120068-03:00" queuing="2026-09-24T17:52:39.5120072-03:00" start="2026-09-24T17:52:37.8659873-03:00" finish="2026-09-24T17:52:39.5969181-03:00" />
  <TestSettings name="default" id="c18ebe6c-db69-4890-bf5c-7d1faf38baf9">
    <Deployment runDeploymentRoot="thais.silva_NOTE-MC330_2026-09-24_17_52_39" />
  </TestSettings>
  <Results>
    <UnitTestResult executionId="c0cc8b88-c118-445c-9091-63eb194525dd" testId="0659643b-56ba-01f9-ea00-af009878998f" testName="RejectQuoteWithNegativeItemQuantity" computerName="NOTE-MC330" duration="00:00:00.0044986" startTime="2026-09-24T17:52:39.4093699-03:00" endTime="2026-09-24T17:52:39.4140662-03:00" testType="13cdc9d9-ddb5-4fa4-a97d-d965ccfc6d4b" outcome="Failed" testListId="8c84fa94-04c1-424b-9868-57a2d4851a1d" relativeResultsDirectory="c0cc8b88-c118-445c-9091-63eb194525dd">
      <Output>
        <StdOut>Given a customer "Customer H"&#xD;
-&gt; done: CreateQuoteSteps.GivenACustomer("Customer H") (0.0s)&#xD;
And an item "Banana" with quantity -1 and unitary price 5&#xD;
-&gt; done: CreateQuoteSteps.GivenAnItem("Banana", -1, 5) (0.0s)&#xD;
When I try to create the quote&#xD;
-&gt; done: CreateQuoteSteps.WhenITryToCreateTheQuote() (0.0s)&#xD;
Then the HTTP status should be 400&#xD;
-&gt; error: Assert.AreEqual falhou. Esperado:&lt;400&gt;. Real:&lt;200&gt;.  (0.0s)&#xD;
&#xD;
&#xD;
&#xD;
TestContext Messages:&#xD;
Given a customer "Customer H"&#xD;
-&gt; done: CreateQuoteSteps.GivenACustomer("Customer H") (0.0s)&#xD;
And an item "Banana" with quantity -1 and unitary price 5&#xD;
-&gt; done: CreateQuoteSteps.GivenAnItem("Banana", -1, 5) (0.0s)&#xD;
When I try to create the quote&#xD;
-&gt; done: CreateQuoteSteps.WhenITryToCreateTheQuote() (0.0s)&#xD;
Then the HTTP status should be 400&#xD;
-&gt; error: Assert.AreEqual falhou. Esperado:&lt;400&gt;. Real:&lt;200&gt;.  (0.0s)</StdOut>
        <ErrorInfo>
          <Message>Assert.AreEqual falhou. Esperado:&lt;400&gt;. Real:&lt;200&gt;. </Message>
          <StackTrace>   at QuoteAcceptanceTests.StepDefinitions.CreateQuoteSteps.ThenTheHttpStatusShouldBe(Int32 expectedStatus) in C:\Eurofins\QualityAssuranceTakeHome\Sources\Quote.Solution\QuoteAcceptanceTests\StepDefinitions\CreateQuoteSteps.cs:line 209&#xD;
   at InvokeStub_Action`2.Invoke(Object, Span`1)&#xD;
   at System.Reflection.MethodBaseInvoker.InvokeWithFewArgs(Object obj, BindingFlags invokeAttr, Binder binder, Object[] parameters, CultureInfo culture)&#xD;
--- End of stack trace from previous location ---&#xD;
   at Reqnroll.Bindings.BindingInvoker.InvokeBindingAsync(IBinding binding, IContextManager contextManager, Object[] arguments, ITestTracer testTracer, DurationHolder durationHolder)&#xD;
   at Reqnroll.Infrastructure.TestExecutionEngine.ExecuteStepMatchAsync(BindingMatch match, Object[] arguments, DurationHolder durationHolder)&#xD;
   at Reqnroll.Infrastructure.TestExecutionEngine.ExecuteStepAsync(IContextManager contextManager, StepInstance stepInstance)&#xD;
   at Reqnroll.Infrastructure.TestExecutionEngine.OnAfterLastStepAsync()&#xD;
   at Reqnroll.TestRunner.CollectScenarioErrorsAsync()&#xD;
   at QuoteAcceptanceTests.Features.CreateQuoteFeature.ScenarioCleanupAsync()&#xD;
   at QuoteAcceptanceTests.Features.CreateQuoteFeature.RejectQuoteWithNegativeItemQuantity() in C:\Eurofins\QualityAssuranceTakeHome\Sources\Quote.Solution\QuoteAcceptanceTests\Features\CreateQuote.feature:line 92&#xD;
</StackTrace>
        </ErrorInfo>
      </Output>
    </UnitTestResult>
    <UnitTestResult executionId="930d1b66-48eb-464c-9a00-82d164df0aac" testId="27ad4e40-da18-2957-631d-3ff19adb554b" testName="AbleToAccessIsAlivePageWhileTheServiceIsRunning" computerName="NOTE-MC330" duration="00:00:00.0091476" startTime="2026-09-24T17:52:39.5005605-03:00" endTime="2026-09-24T17:52:39.5155633-03:00" testType="13cdc9d9-ddb5-4fa4-a97d-d965ccfc6d4b" outcome="Passed" testListId="8c84fa94-04c1-424b-9868-57a2d4851a1d" relativeResultsDirectory="930d1b66-48eb-464c-9a00-82d164df0aac">
      <Output>
        <StdOut>Given the Quote Service Running&#xD;
-&gt; done: IsAliveSteps.GivenTheQuoteServiceRunning() (0.0s)&#xD;
When I check if it is alive&#xD;
-&gt; done: IsAliveSteps.WhenICallIsAlive() (0.0s)&#xD;
Then it returns OK (http 200)&#xD;
-&gt; done: IsAliveSteps.ThenItReturnsOk(200) (0.0s)&#xD;
&#xD;
&#xD;
&#xD;
TestContext Messages:&#xD;
Given the Quote Service Running&#xD;
-&gt; done: IsAliveSteps.GivenTheQuoteServiceRunning() (0.0s)&#xD;
When I check if it is alive&#xD;
-&gt; done: IsAliveSteps.WhenICallIsAlive() (0.0s)&#xD;
Then it returns OK (http 200)&#xD;
-&gt; done: IsAliveSteps.ThenItReturnsOk(200) (0.0s)</StdOut>
      </Output>
    </UnitTestResult>
    <UnitTestResult executionId="b738466d-0a80-4009-b1d2-8033ef8c7976" testId="040ff182-9e7d-c39f-cce1-a0e767815760" testName="SuccessfullyCreateANewQuoteWithTwoItems (Customer D,Banana,3,5,Milk,2,10,35,)" computerName="NOTE-MC330" duration="00:00:00.0062864" startTime="2026-09-24T17:52:39.3739904-03:00" endTime="2026-09-24T17:52:39.3804813-03:00" testType="13cdc9d9-ddb5-4fa4-a97d-d965ccfc6d4b" outcome="Passed" testListId="8c84fa94-04c1-424b-9868-57a2d4851a1d" relativeResultsDirectory="b738466d-0a80-4009-b1d2-8033ef8c7976">
      <Output>
        <StdOut>Given a customer "Customer D"&#xD;
-&gt; done: CreateQuoteSteps.GivenACustomer("Customer D") (0.0s)&#xD;
And an item "Banana" with quantity 3 and unitary price 5&#xD;
-&gt; done: CreateQuoteSteps.GivenAnItem("Banana", 3, 5) (0.0s)&#xD;
And an item "Milk" with quantity 2 and unitary price 10&#xD;
-&gt; done: CreateQuoteSteps.GivenAnItem("Milk", 2, 10) (0.0s)&#xD;
When I create the quote&#xD;
-&gt; done: CreateQuoteSteps.WhenICreateTheQuote() (0.0s)&#xD;
Then the quote should contain 2 lines&#xD;
-&gt; done: CreateQuoteSteps.ThenTheQuoteShouldContainLines(2) (0.0s)&#xD;
And the total price should be 35&#xD;
-&gt; done: CreateQuoteSteps.ThenTheTotalPriceShouldBe(35) (0.0s)&#xD;
And the confirmation message should be "Quote created successfully."&#xD;
-&gt; done: CreateQuoteSteps.ThenTheConfirmationMessageShouldBe("Quote created suc...") (0.0s)&#xD;
&#xD;
&#xD;
&#xD;
TestContext Messages:&#xD;
Given a customer "Customer D"&#xD;
-&gt; done: CreateQuoteSteps.GivenACustomer("Customer D") (0.0s)&#xD;
And an item "Banana" with quantity 3 and unitary price 5&#xD;
-&gt; done: CreateQuoteSteps.GivenAnItem("Banana", 3, 5) (0.0s)&#xD;
And an item "Milk" with quantity 2 and unitary price 10&#xD;
-&gt; done: CreateQuoteSteps.GivenAnItem("Milk", 2, 10) (0.0s)&#xD;
When I create the quote&#xD;
-&gt; done: CreateQuoteSteps.WhenICreateTheQuote() (0.0s)&#xD;
Then the quote should contain 2 lines&#xD;
-&gt; done: CreateQuoteSteps.ThenTheQuoteShouldContainLines(2) (0.0s)&#xD;
And the total price should be 35&#xD;
-&gt; done: CreateQuoteSteps.ThenTheTotalPriceShouldBe(35) (0.0s)&#xD;
And the confirmation message should be "Quote created successfully."&#xD;
-&gt; done: CreateQuoteSteps.ThenTheConfirmationMessageShouldBe("Quote created suc...") (0.0s)</StdOut>
      </Output>
    </UnitTestResult>
    <UnitTestResult executionId="7f53db6d-d96f-4d92-8f42-92a790c41888" testId="a5f318cb-2718-a5de-15ec-6e4b18fe3b14" testName="RejectQuoteWithNegativeDiscount" computerName="NOTE-MC330" duration="00:00:00.0047937" startTime="2026-09-24T17:52:39.4727242-03:00" endTime="2026-09-24T17:52:39.4776594-03:00" testType="13cdc9d9-ddb5-4fa4-a97d-d965ccfc6d4b" outcome="Failed" testListId="8c84fa94-04c1-424b-9868-57a2d4851a1d" relativeResultsDirectory="7f53db6d-d96f-4d92-8f42-92a790c41888">
      <Output>
        <StdOut>Given a customer "Customer M"&#xD;
-&gt; done: CreateQuoteSteps.GivenACustomer("Customer M") (0.0s)&#xD;
And an item "Notebook" with quantity 1, unitary price 100 and discount -0.10&#xD;
-&gt; done: CreateQuoteSteps.GivenAnItemWithDiscount("Notebook", 1, 100, -0.1) (0.0s)&#xD;
When I try to create the quote&#xD;
-&gt; done: CreateQuoteSteps.WhenITryToCreateTheQuote() (0.0s)&#xD;
Then the HTTP status should be 400&#xD;
-&gt; error: Assert.AreEqual falhou. Esperado:&lt;400&gt;. Real:&lt;200&gt;.  (0.0s)&#xD;
&#xD;
&#xD;
&#xD;
TestContext Messages:&#xD;
Given a customer "Customer M"&#xD;
-&gt; done: CreateQuoteSteps.GivenACustomer("Customer M") (0.0s)&#xD;
And an item "Notebook" with quantity 1, unitary price 100 and discount -0.10&#xD;
-&gt; done: CreateQuoteSteps.GivenAnItemWithDiscount("Notebook", 1, 100, -0.1) (0.0s)&#xD;
When I try to create the quote&#xD;
-&gt; done: CreateQuoteSteps.WhenITryToCreateTheQuote() (0.0s)&#xD;
Then the HTTP status should be 400&#xD;
-&gt; error: Assert.AreEqual falhou. Esperado:&lt;400&gt;. Real:&lt;200&gt;.  (0.0s)</StdOut>
        <ErrorInfo>
          <Message>Assert.AreEqual falhou. Esperado:&lt;400&gt;. Real:&lt;200&gt;. </Message>
          <StackTrace>   at QuoteAcceptanceTests.StepDefinitions.CreateQuoteSteps.ThenTheHttpStatusShouldBe(Int32 expectedStatus) in C:\Eurofins\QualityAssuranceTakeHome\Sources\Quote.Solution\QuoteAcceptanceTests\StepDefinitions\CreateQuoteSteps.cs:line 209&#xD;
   at InvokeStub_Action`2.Invoke(Object, Span`1)&#xD;
   at System.Reflection.MethodBaseInvoker.InvokeWithFewArgs(Object obj, BindingFlags invokeAttr, Binder binder, Object[] parameters, CultureInfo culture)&#xD;
--- End of stack trace from previous location ---&#xD;
   at Reqnroll.Bindings.BindingInvoker.InvokeBindingAsync(IBinding binding, IContextManager contextManager, Object[] arguments, ITestTracer testTracer, DurationHolder durationHolder)&#xD;
   at Reqnroll.Infrastructure.TestExecutionEngine.ExecuteStepMatchAsync(BindingMatch match, Object[] arguments, DurationHolder durationHolder)&#xD;
   at Reqnroll.Infrastructure.TestExecutionEngine.ExecuteStepAsync(IContextManager contextManager, StepInstance stepInstance)&#xD;
   at Reqnroll.Infrastructure.TestExecutionEngine.OnAfterLastStepAsync()&#xD;
   at Reqnroll.TestRunner.CollectScenarioErrorsAsync()&#xD;
   at QuoteAcceptanceTests.Features.CreateQuoteFeature.ScenarioCleanupAsync()&#xD;
   at QuoteAcceptanceTests.Features.CreateQuoteFeature.RejectQuoteWithNegativeDiscount() in C:\Eurofins\QualityAssuranceTakeHome\Sources\Quote.Solution\QuoteAcceptanceTests\Features\CreateQuote.feature:line 135&#xD;
</StackTrace>
        </ErrorInfo>
      </Output>
    </UnitTestResult>
    <UnitTestResult executionId="ccd5d119-9691-4c39-95f1-0e3a5271854b" testId="9378a571-20bd-4751-eed4-01299e277300" testName="SuccessfullyCreateANewQuoteWithOneItem (Customer A,Banana,3,5,15,)" computerName="NOTE-MC330" duration="00:00:00.1136831" startTime="2026-09-24T17:52:38.4306821-03:00" endTime="2026-09-24T17:52:39.3552630-03:00" testType="13cdc9d9-ddb5-4fa4-a97d-d965ccfc6d4b" outcome="Passed" testListId="8c84fa94-04c1-424b-9868-57a2d4851a1d" relativeResultsDirectory="ccd5d119-9691-4c39-95f1-0e3a5271854b">
      <Output>
        <StdOut>-&gt; Loading plugin C:\Eurofins\QualityAssuranceTakeHome\Sources\Quote.Solution\QuoteAcceptanceTests\bin\Debug\net8.0\Reqnroll.MSTest.ReqnrollPlugin.dll&#xD;
-&gt; Loading plugin C:\Eurofins\QualityAssuranceTakeHome\Sources\Quote.Solution\QuoteAcceptanceTests\bin\Debug\net8.0\QuoteAcceptanceTests.dll&#xD;
-&gt; Using default config&#xD;
Given a customer "Customer A"&#xD;
-&gt; done: CreateQuoteSteps.GivenACustomer("Customer A") (0.0s)&#xD;
And an item "Banana" with quantity 3 and unitary price 5&#xD;
-&gt; done: CreateQuoteSteps.GivenAnItem("Banana", 3, 5) (0.0s)&#xD;
When I create the quote&#xD;
-&gt; done: CreateQuoteSteps.WhenICreateTheQuote() (0.1s)&#xD;
Then the line price should be 15&#xD;
-&gt; done: CreateQuoteSteps.ThenTheLinePriceShouldBe(15) (0.0s)&#xD;
And the confirmation message should be "Quote created successfully."&#xD;
-&gt; done: CreateQuoteSteps.ThenTheConfirmationMessageShouldBe("Quote created suc...") (0.0s)&#xD;
&#xD;
&#xD;
&#xD;
TestContext Messages:&#xD;
Given a customer "Customer A"&#xD;
-&gt; done: CreateQuoteSteps.GivenACustomer("Customer A") (0.0s)&#xD;
And an item "Banana" with quantity 3 and unitary price 5&#xD;
-&gt; done: CreateQuoteSteps.GivenAnItem("Banana", 3, 5) (0.0s)&#xD;
When I create the quote&#xD;
-&gt; done: CreateQuoteSteps.WhenICreateTheQuote() (0.1s)&#xD;
Then the line price should be 15&#xD;
-&gt; done: CreateQuoteSteps.ThenTheLinePriceShouldBe(15) (0.0s)&#xD;
And the confirmation message should be "Quote created successfully."&#xD;
-&gt; done: CreateQuoteSteps.ThenTheConfirmationMessageShouldBe("Quote created suc...") (0.0s)</StdOut>
      </Output>
    </UnitTestResult>
    <UnitTestResult executionId="3346b96d-fc51-4515-8c9a-3bca342e689f" testId="97d77096-7995-c202-2f8d-587cb23491ea" testName="CreateAQuoteWith100ItemsWithinAnAcceptableResponseTime" computerName="NOTE-MC330" duration="00:00:00.0107375" startTime="2026-09-24T17:52:39.4840274-03:00" endTime="2026-09-24T17:52:39.5004755-03:00" testType="13cdc9d9-ddb5-4fa4-a97d-d965ccfc6d4b" outcome="Passed" testListId="8c84fa94-04c1-424b-9868-57a2d4851a1d" relativeResultsDirectory="3346b96d-fc51-4515-8c9a-3bca342e689f">
      <Output>
        <StdOut>Given a customer "Performance Customer"&#xD;
-&gt; done: CreateQuoteSteps.GivenACustomer("Performance Customer") (0.0s)&#xD;
And 100 valid items&#xD;
-&gt; done: CreateQuoteSteps.GivenValidItems(100) (0.0s)&#xD;
When I create the quote measuring the response time&#xD;
PERFORMANCE_API_RESPONSE_MS=6&#xD;
-&gt; done: CreateQuoteSteps.WhenICreateTheQuoteMeasuringTheResponseTime() (0.0s)&#xD;
Then the HTTP status should be 200&#xD;
-&gt; done: CreateQuoteSteps.ThenTheHttpStatusShouldBe(200) (0.0s)&#xD;
And the quote should contain 100 lines&#xD;
-&gt; done: CreateQuoteSteps.ThenTheQuoteShouldContainLines(100) (0.0s)&#xD;
And the response time should be less than 2000 milliseconds&#xD;
PERFORMANCE_THRESHOLD_MS=2000&#xD;
-&gt; done: CreateQuoteSteps.ThenTheResponseTimeShouldBeLessThanMilliseconds(2000) (0.0s)&#xD;
&#xD;
&#xD;
&#xD;
TestContext Messages:&#xD;
Given a customer "Performance Customer"&#xD;
-&gt; done: CreateQuoteSteps.GivenACustomer("Performance Customer") (0.0s)&#xD;
And 100 valid items&#xD;
-&gt; done: CreateQuoteSteps.GivenValidItems(100) (0.0s)&#xD;
When I create the quote measuring the response time&#xD;
-&gt; done: CreateQuoteSteps.WhenICreateTheQuoteMeasuringTheResponseTime() (0.0s)&#xD;
Then the HTTP status should be 200&#xD;
-&gt; done: CreateQuoteSteps.ThenTheHttpStatusShouldBe(200) (0.0s)&#xD;
And the quote should contain 100 lines&#xD;
-&gt; done: CreateQuoteSteps.ThenTheQuoteShouldContainLines(100) (0.0s)&#xD;
And the response time should be less than 2000 milliseconds&#xD;
-&gt; done: CreateQuoteSteps.ThenTheResponseTimeShouldBeLessThanMilliseconds(2000) (0.0s)</StdOut>
      </Output>
    </UnitTestResult>
    <UnitTestResult executionId="642ca032-d6db-49c4-a1f9-efd2a7e128cd" testId="23e032dc-c427-35f7-a19b-5f6c027dfed6" testName="RejectMalformedJSONWithoutExposingInternalServerDetails" computerName="NOTE-MC330" duration="00:00:00.0059939" startTime="2026-09-24T17:52:39.4777354-03:00" endTime="2026-09-24T17:52:39.4839471-03:00" testType="13cdc9d9-ddb5-4fa4-a97d-d965ccfc6d4b" outcome="Passed" testListId="8c84fa94-04c1-424b-9868-57a2d4851a1d" relativeResultsDirectory="642ca032-d6db-49c4-a1f9-efd2a7e128cd">
      <Output>
        <StdOut>When I send malformed JSON to create the quote&#xD;
-&gt; done: CreateQuoteSteps.WhenISendMalformedJsonToCreateTheQuote() (0.0s)&#xD;
Then the HTTP status should be 400&#xD;
-&gt; done: CreateQuoteSteps.ThenTheHttpStatusShouldBe(400) (0.0s)&#xD;
And the response should not contain internal exception details&#xD;
-&gt; done: CreateQuoteSteps.ThenTheResponseShouldNotContainInternalExceptionDetails() (0.0s)&#xD;
&#xD;
&#xD;
&#xD;
TestContext Messages:&#xD;
When I send malformed JSON to create the quote&#xD;
-&gt; done: CreateQuoteSteps.WhenISendMalformedJsonToCreateTheQuote() (0.0s)&#xD;
Then the HTTP status should be 400&#xD;
-&gt; done: CreateQuoteSteps.ThenTheHttpStatusShouldBe(400) (0.0s)&#xD;
And the response should not contain internal exception details&#xD;
-&gt; done: CreateQuoteSteps.ThenTheResponseShouldNotContainInternalExceptionDetails() (0.0s)</StdOut>
      </Output>
    </UnitTestResult>
    <UnitTestResult executionId="9229e6ec-5e02-4ec0-8b91-d1825ca00857" testId="e1bb1a55-1b5c-bad3-9cc9-3c65932855b5" testName="SuccessfullyCreateAQuoteWithMultipleItemsIncludingDiscount (Customer E,Notebook,2,100,0.10,Mouse,1,50,230,)" computerName="NOTE-MC330" duration="00:00:00.0046796" startTime="2026-09-24T17:52:39.3805438-03:00" endTime="2026-09-24T17:52:39.3854258-03:00" testType="13cdc9d9-ddb5-4fa4-a97d-d965ccfc6d4b" outcome="Passed" testListId="8c84fa94-04c1-424b-9868-57a2d4851a1d" relativeResultsDirectory="9229e6ec-5e02-4ec0-8b91-d1825ca00857">
      <Output>
        <StdOut>Given a customer "Customer E"&#xD;
-&gt; done: CreateQuoteSteps.GivenACustomer("Customer E") (0.0s)&#xD;
And an item "Notebook" with quantity 2, unitary price 100 and discount 0.10&#xD;
-&gt; done: CreateQuoteSteps.GivenAnItemWithDiscount("Notebook", 2, 100, 0.1) (0.0s)&#xD;
And an item "Mouse" with quantity 1 and unitary price 50&#xD;
-&gt; done: CreateQuoteSteps.GivenAnItem("Mouse", 1, 50) (0.0s)&#xD;
When I create the quote&#xD;
-&gt; done: CreateQuoteSteps.WhenICreateTheQuote() (0.0s)&#xD;
Then the quote should contain 2 lines&#xD;
-&gt; done: CreateQuoteSteps.ThenTheQuoteShouldContainLines(2) (0.0s)&#xD;
And the total price should be 230&#xD;
-&gt; done: CreateQuoteSteps.ThenTheTotalPriceShouldBe(230) (0.0s)&#xD;
And the confirmation message should be "Quote created successfully."&#xD;
-&gt; done: CreateQuoteSteps.ThenTheConfirmationMessageShouldBe("Quote created suc...") (0.0s)&#xD;
&#xD;
&#xD;
&#xD;
TestContext Messages:&#xD;
Given a customer "Customer E"&#xD;
-&gt; done: CreateQuoteSteps.GivenACustomer("Customer E") (0.0s)&#xD;
And an item "Notebook" with quantity 2, unitary price 100 and discount 0.10&#xD;
-&gt; done: CreateQuoteSteps.GivenAnItemWithDiscount("Notebook", 2, 100, 0.1) (0.0s)&#xD;
And an item "Mouse" with quantity 1 and unitary price 50&#xD;
-&gt; done: CreateQuoteSteps.GivenAnItem("Mouse", 1, 50) (0.0s)&#xD;
When I create the quote&#xD;
-&gt; done: CreateQuoteSteps.WhenICreateTheQuote() (0.0s)&#xD;
Then the quote should contain 2 lines&#xD;
-&gt; done: CreateQuoteSteps.ThenTheQuoteShouldContainLines(2) (0.0s)&#xD;
And the total price should be 230&#xD;
-&gt; done: CreateQuoteSteps.ThenTheTotalPriceShouldBe(230) (0.0s)&#xD;
And the confirmation message should be "Quote created successfully."&#xD;
-&gt; done: CreateQuoteSteps.ThenTheConfirmationMessageShouldBe("Quote created suc...") (0.0s)</StdOut>
      </Output>
    </UnitTestResult>
    <UnitTestResult executionId="20083ef3-7ced-46be-94ca-60ed09824eb0" testId="f5d6b42b-4c89-1761-68dd-53a865bffc36" testName="RejectQuoteWithEmptyCustomer" computerName="NOTE-MC330" duration="00:00:00.0062966" startTime="2026-09-24T17:52:39.3854884-03:00" endTime="2026-09-24T17:52:39.3928480-03:00" testType="13cdc9d9-ddb5-4fa4-a97d-d965ccfc6d4b" outcome="Passed" testListId="8c84fa94-04c1-424b-9868-57a2d4851a1d" relativeResultsDirectory="20083ef3-7ced-46be-94ca-60ed09824eb0">
      <Output>
        <StdOut>Given a customer ""&#xD;
-&gt; done: CreateQuoteSteps.GivenACustomer("") (0.0s)&#xD;
And an item "Banana" with quantity 1 and unitary price 5&#xD;
-&gt; done: CreateQuoteSteps.GivenAnItem("Banana", 1, 5) (0.0s)&#xD;
When I try to create the quote&#xD;
-&gt; done: CreateQuoteSteps.WhenITryToCreateTheQuote() (0.0s)&#xD;
Then the HTTP status should be 400&#xD;
-&gt; done: CreateQuoteSteps.ThenTheHttpStatusShouldBe(400) (0.0s)&#xD;
And the error response should contain "Customer or Items cannot be null or empty"&#xD;
-&gt; done: CreateQuoteSteps.ThenTheErrorResponseShouldContain("Customer or Items...") (0.0s)&#xD;
&#xD;
&#xD;
&#xD;
TestContext Messages:&#xD;
Given a customer ""&#xD;
-&gt; done: CreateQuoteSteps.GivenACustomer("") (0.0s)&#xD;
And an item "Banana" with quantity 1 and unitary price 5&#xD;
-&gt; done: CreateQuoteSteps.GivenAnItem("Banana", 1, 5) (0.0s)&#xD;
When I try to create the quote&#xD;
-&gt; done: CreateQuoteSteps.WhenITryToCreateTheQuote() (0.0s)&#xD;
Then the HTTP status should be 400&#xD;
-&gt; done: CreateQuoteSteps.ThenTheHttpStatusShouldBe(400) (0.0s)&#xD;
And the error response should contain "Customer or Items cannot be null or empty"&#xD;
-&gt; done: CreateQuoteSteps.ThenTheErrorResponseShouldContain("Customer or Items...") (0.0s)</StdOut>
      </Output>
    </UnitTestResult>
    <UnitTestResult executionId="3ffd3a6d-f398-4d36-aa74-b8a7d511e810" testId="d3e17d0d-d4b0-0dec-d651-485a67d44be1" testName="SuccessfullyCreateAQuoteWith100PercentDiscount" computerName="NOTE-MC330" duration="00:00:00.0045814" startTime="2026-09-24T17:52:39.4628635-03:00" endTime="2026-09-24T17:52:39.4676934-03:00" testType="13cdc9d9-ddb5-4fa4-a97d-d965ccfc6d4b" outcome="Passed" testListId="8c84fa94-04c1-424b-9868-57a2d4851a1d" relativeResultsDirectory="3ffd3a6d-f398-4d36-aa74-b8a7d511e810">
      <Output>
        <StdOut>Given a customer "Customer K"&#xD;
-&gt; done: CreateQuoteSteps.GivenACustomer("Customer K") (0.0s)&#xD;
And an item "Notebook" with quantity 1, unitary price 100 and discount 1.00&#xD;
-&gt; done: CreateQuoteSteps.GivenAnItemWithDiscount("Notebook", 1, 100, 1) (0.0s)&#xD;
When I create the quote&#xD;
-&gt; done: CreateQuoteSteps.WhenICreateTheQuote() (0.0s)&#xD;
Then the discount amount should be 100&#xD;
-&gt; done: CreateQuoteSteps.ThenTheDiscountAmountShouldBe(100) (0.0s)&#xD;
And the line price should be 0&#xD;
-&gt; done: CreateQuoteSteps.ThenTheLinePriceShouldBe(0) (0.0s)&#xD;
And the total price should be 0&#xD;
-&gt; done: CreateQuoteSteps.ThenTheTotalPriceShouldBe(0) (0.0s)&#xD;
And the confirmation message should be "Quote created successfully."&#xD;
-&gt; done: CreateQuoteSteps.ThenTheConfirmationMessageShouldBe("Quote created suc...") (0.0s)&#xD;
&#xD;
&#xD;
&#xD;
TestContext Messages:&#xD;
Given a customer "Customer K"&#xD;
-&gt; done: CreateQuoteSteps.GivenACustomer("Customer K") (0.0s)&#xD;
And an item "Notebook" with quantity 1, unitary price 100 and discount 1.00&#xD;
-&gt; done: CreateQuoteSteps.GivenAnItemWithDiscount("Notebook", 1, 100, 1) (0.0s)&#xD;
When I create the quote&#xD;
-&gt; done: CreateQuoteSteps.WhenICreateTheQuote() (0.0s)&#xD;
Then the discount amount should be 100&#xD;
-&gt; done: CreateQuoteSteps.ThenTheDiscountAmountShouldBe(100) (0.0s)&#xD;
And the line price should be 0&#xD;
-&gt; done: CreateQuoteSteps.ThenTheLinePriceShouldBe(0) (0.0s)&#xD;
And the total price should be 0&#xD;
-&gt; done: CreateQuoteSteps.ThenTheTotalPriceShouldBe(0) (0.0s)&#xD;
And the confirmation message should be "Quote created successfully."&#xD;
-&gt; done: CreateQuoteSteps.ThenTheConfirmationMessageShouldBe("Quote created suc...") (0.0s)</StdOut>
      </Output>
    </UnitTestResult>
    <UnitTestResult executionId="00a6ff86-d8d8-4517-8c4d-3f1666a76397" testId="f8173a55-3d58-673c-2077-b38297107dd4" testName="RejectQuoteWithZeroItemQuantity" computerName="NOTE-MC330" duration="00:00:00.0047553" startTime="2026-09-24T17:52:39.4677575-03:00" endTime="2026-09-24T17:52:39.4726626-03:00" testType="13cdc9d9-ddb5-4fa4-a97d-d965ccfc6d4b" outcome="Failed" testListId="8c84fa94-04c1-424b-9868-57a2d4851a1d" relativeResultsDirectory="00a6ff86-d8d8-4517-8c4d-3f1666a76397">
      <Output>
        <StdOut>Given a customer "Customer L"&#xD;
-&gt; done: CreateQuoteSteps.GivenACustomer("Customer L") (0.0s)&#xD;
And an item "Banana" with quantity 0 and unitary price 5&#xD;
-&gt; done: CreateQuoteSteps.GivenAnItem("Banana", 0, 5) (0.0s)&#xD;
When I try to create the quote&#xD;
-&gt; done: CreateQuoteSteps.WhenITryToCreateTheQuote() (0.0s)&#xD;
Then the HTTP status should be 400&#xD;
-&gt; error: Assert.AreEqual falhou. Esperado:&lt;400&gt;. Real:&lt;200&gt;.  (0.0s)&#xD;
&#xD;
&#xD;
&#xD;
TestContext Messages:&#xD;
Given a customer "Customer L"&#xD;
-&gt; done: CreateQuoteSteps.GivenACustomer("Customer L") (0.0s)&#xD;
And an item "Banana" with quantity 0 and unitary price 5&#xD;
-&gt; done: CreateQuoteSteps.GivenAnItem("Banana", 0, 5) (0.0s)&#xD;
When I try to create the quote&#xD;
-&gt; done: CreateQuoteSteps.WhenITryToCreateTheQuote() (0.0s)&#xD;
Then the HTTP status should be 400&#xD;
-&gt; error: Assert.AreEqual falhou. Esperado:&lt;400&gt;. Real:&lt;200&gt;.  (0.0s)</StdOut>
        <ErrorInfo>
          <Message>Assert.AreEqual falhou. Esperado:&lt;400&gt;. Real:&lt;200&gt;. </Message>
          <StackTrace>   at QuoteAcceptanceTests.StepDefinitions.CreateQuoteSteps.ThenTheHttpStatusShouldBe(Int32 expectedStatus) in C:\Eurofins\QualityAssuranceTakeHome\Sources\Quote.Solution\QuoteAcceptanceTests\StepDefinitions\CreateQuoteSteps.cs:line 209&#xD;
   at InvokeStub_Action`2.Invoke(Object, Span`1)&#xD;
   at System.Reflection.MethodBaseInvoker.InvokeWithFewArgs(Object obj, BindingFlags invokeAttr, Binder binder, Object[] parameters, CultureInfo culture)&#xD;
--- End of stack trace from previous location ---&#xD;
   at Reqnroll.Bindings.BindingInvoker.InvokeBindingAsync(IBinding binding, IContextManager contextManager, Object[] arguments, ITestTracer testTracer, DurationHolder durationHolder)&#xD;
   at Reqnroll.Infrastructure.TestExecutionEngine.ExecuteStepMatchAsync(BindingMatch match, Object[] arguments, DurationHolder durationHolder)&#xD;
   at Reqnroll.Infrastructure.TestExecutionEngine.ExecuteStepAsync(IContextManager contextManager, StepInstance stepInstance)&#xD;
   at Reqnroll.Infrastructure.TestExecutionEngine.OnAfterLastStepAsync()&#xD;
   at Reqnroll.TestRunner.CollectScenarioErrorsAsync()&#xD;
   at QuoteAcceptanceTests.Features.CreateQuoteFeature.ScenarioCleanupAsync()&#xD;
   at QuoteAcceptanceTests.Features.CreateQuoteFeature.RejectQuoteWithZeroItemQuantity() in C:\Eurofins\QualityAssuranceTakeHome\Sources\Quote.Solution\QuoteAcceptanceTests\Features\CreateQuote.feature:line 127&#xD;
</StackTrace>
        </ErrorInfo>
      </Output>
    </UnitTestResult>
    <UnitTestResult executionId="df20d6c9-acb4-4577-b78c-d331044df9d5" testId="f66610a1-9fc1-2fc2-3ba8-16e7cadc4bc6" testName="RejectQuoteWithNegativeUnitaryPrice" computerName="NOTE-MC330" duration="00:00:00.0049198" startTime="2026-09-24T17:52:39.4464413-03:00" endTime="2026-09-24T17:52:39.4515886-03:00" testType="13cdc9d9-ddb5-4fa4-a97d-d965ccfc6d4b" outcome="Failed" testListId="8c84fa94-04c1-424b-9868-57a2d4851a1d" relativeResultsDirectory="df20d6c9-acb4-4577-b78c-d331044df9d5">
      <Output>
        <StdOut>Given a customer "Customer I"&#xD;
-&gt; done: CreateQuoteSteps.GivenACustomer("Customer I") (0.0s)&#xD;
And an item "Banana" with quantity 1 and unitary price -5&#xD;
-&gt; done: CreateQuoteSteps.GivenAnItem("Banana", 1, -5) (0.0s)&#xD;
When I try to create the quote&#xD;
-&gt; done: CreateQuoteSteps.WhenITryToCreateTheQuote() (0.0s)&#xD;
Then the HTTP status should be 400&#xD;
-&gt; error: Assert.AreEqual falhou. Esperado:&lt;400&gt;. Real:&lt;200&gt;.  (0.0s)&#xD;
&#xD;
&#xD;
&#xD;
TestContext Messages:&#xD;
Given a customer "Customer I"&#xD;
-&gt; done: CreateQuoteSteps.GivenACustomer("Customer I") (0.0s)&#xD;
And an item "Banana" with quantity 1 and unitary price -5&#xD;
-&gt; done: CreateQuoteSteps.GivenAnItem("Banana", 1, -5) (0.0s)&#xD;
When I try to create the quote&#xD;
-&gt; done: CreateQuoteSteps.WhenITryToCreateTheQuote() (0.0s)&#xD;
Then the HTTP status should be 400&#xD;
-&gt; error: Assert.AreEqual falhou. Esperado:&lt;400&gt;. Real:&lt;200&gt;.  (0.0s)</StdOut>
        <ErrorInfo>
          <Message>Assert.AreEqual falhou. Esperado:&lt;400&gt;. Real:&lt;200&gt;. </Message>
          <StackTrace>   at QuoteAcceptanceTests.StepDefinitions.CreateQuoteSteps.ThenTheHttpStatusShouldBe(Int32 expectedStatus) in C:\Eurofins\QualityAssuranceTakeHome\Sources\Quote.Solution\QuoteAcceptanceTests\StepDefinitions\CreateQuoteSteps.cs:line 209&#xD;
   at InvokeStub_Action`2.Invoke(Object, Span`1)&#xD;
   at System.Reflection.MethodBaseInvoker.InvokeWithFewArgs(Object obj, BindingFlags invokeAttr, Binder binder, Object[] parameters, CultureInfo culture)&#xD;
--- End of stack trace from previous location ---&#xD;
   at Reqnroll.Bindings.BindingInvoker.InvokeBindingAsync(IBinding binding, IContextManager contextManager, Object[] arguments, ITestTracer testTracer, DurationHolder durationHolder)&#xD;
   at Reqnroll.Infrastructure.TestExecutionEngine.ExecuteStepMatchAsync(BindingMatch match, Object[] arguments, DurationHolder durationHolder)&#xD;
   at Reqnroll.Infrastructure.TestExecutionEngine.ExecuteStepAsync(IContextManager contextManager, StepInstance stepInstance)&#xD;
   at Reqnroll.Infrastructure.TestExecutionEngine.OnAfterLastStepAsync()&#xD;
   at Reqnroll.TestRunner.CollectScenarioErrorsAsync()&#xD;
   at QuoteAcceptanceTests.Features.CreateQuoteFeature.ScenarioCleanupAsync()&#xD;
   at QuoteAcceptanceTests.Features.CreateQuoteFeature.RejectQuoteWithNegativeUnitaryPrice() in C:\Eurofins\QualityAssuranceTakeHome\Sources\Quote.Solution\QuoteAcceptanceTests\Features\CreateQuote.feature:line 100&#xD;
</StackTrace>
        </ErrorInfo>
      </Output>
    </UnitTestResult>
    <UnitTestResult executionId="0fc8cf10-c039-4a1c-988e-90bb6f294b05" testId="d06ce2b1-4175-7b37-4ffb-c55c4a562b1e" testName="RejectQuoteWithEmptyItemName" computerName="NOTE-MC330" duration="00:00:00.0122469" startTime="2026-09-24T17:52:39.3965966-03:00" endTime="2026-09-24T17:52:39.4092283-03:00" testType="13cdc9d9-ddb5-4fa4-a97d-d965ccfc6d4b" outcome="Failed" testListId="8c84fa94-04c1-424b-9868-57a2d4851a1d" relativeResultsDirectory="0fc8cf10-c039-4a1c-988e-90bb6f294b05">
      <Output>
        <StdOut>Given a customer "Customer G"&#xD;
-&gt; done: CreateQuoteSteps.GivenACustomer("Customer G") (0.0s)&#xD;
And an item "" with quantity 1 and unitary price 5&#xD;
-&gt; done: CreateQuoteSteps.GivenAnItem("", 1, 5) (0.0s)&#xD;
When I try to create the quote&#xD;
-&gt; done: CreateQuoteSteps.WhenITryToCreateTheQuote() (0.0s)&#xD;
Then the HTTP status should be 400&#xD;
-&gt; error: Assert.AreEqual falhou. Esperado:&lt;400&gt;. Real:&lt;200&gt;.  (0.0s)&#xD;
&#xD;
&#xD;
&#xD;
TestContext Messages:&#xD;
Given a customer "Customer G"&#xD;
-&gt; done: CreateQuoteSteps.GivenACustomer("Customer G") (0.0s)&#xD;
And an item "" with quantity 1 and unitary price 5&#xD;
-&gt; done: CreateQuoteSteps.GivenAnItem("", 1, 5) (0.0s)&#xD;
When I try to create the quote&#xD;
-&gt; done: CreateQuoteSteps.WhenITryToCreateTheQuote() (0.0s)&#xD;
Then the HTTP status should be 400&#xD;
-&gt; error: Assert.AreEqual falhou. Esperado:&lt;400&gt;. Real:&lt;200&gt;.  (0.0s)</StdOut>
        <ErrorInfo>
          <Message>Assert.AreEqual falhou. Esperado:&lt;400&gt;. Real:&lt;200&gt;. </Message>
          <StackTrace>   at QuoteAcceptanceTests.StepDefinitions.CreateQuoteSteps.ThenTheHttpStatusShouldBe(Int32 expectedStatus) in C:\Eurofins\QualityAssuranceTakeHome\Sources\Quote.Solution\QuoteAcceptanceTests\StepDefinitions\CreateQuoteSteps.cs:line 209&#xD;
   at InvokeStub_Action`2.Invoke(Object, Span`1)&#xD;
   at System.Reflection.MethodBaseInvoker.InvokeWithFewArgs(Object obj, BindingFlags invokeAttr, Binder binder, Object[] parameters, CultureInfo culture)&#xD;
--- End of stack trace from previous location ---&#xD;
   at Reqnroll.Bindings.BindingInvoker.InvokeBindingAsync(IBinding binding, IContextManager contextManager, Object[] arguments, ITestTracer testTracer, DurationHolder durationHolder)&#xD;
   at Reqnroll.Infrastructure.TestExecutionEngine.ExecuteStepMatchAsync(BindingMatch match, Object[] arguments, DurationHolder durationHolder)&#xD;
   at Reqnroll.Infrastructure.TestExecutionEngine.ExecuteStepAsync(IContextManager contextManager, StepInstance stepInstance)&#xD;
   at Reqnroll.Infrastructure.TestExecutionEngine.OnAfterLastStepAsync()&#xD;
   at Reqnroll.TestRunner.CollectScenarioErrorsAsync()&#xD;
   at QuoteAcceptanceTests.Features.CreateQuoteFeature.ScenarioCleanupAsync()&#xD;
   at QuoteAcceptanceTests.Features.CreateQuoteFeature.RejectQuoteWithEmptyItemName() in C:\Eurofins\QualityAssuranceTakeHome\Sources\Quote.Solution\QuoteAcceptanceTests\Features\CreateQuote.feature:line 84&#xD;
</StackTrace>
        </ErrorInfo>
      </Output>
    </UnitTestResult>
    <UnitTestResult executionId="a8a95d48-a61c-44d4-ad55-ad119eb50015" testId="64a1b224-85e2-a446-e140-23058bb7f166" testName="RejectQuoteWithDiscountGreaterThan100Percent" computerName="NOTE-MC330" duration="00:00:00.0109519" startTime="2026-09-24T17:52:39.4516527-03:00" endTime="2026-09-24T17:52:39.4627783-03:00" testType="13cdc9d9-ddb5-4fa4-a97d-d965ccfc6d4b" outcome="Failed" testListId="8c84fa94-04c1-424b-9868-57a2d4851a1d" relativeResultsDirectory="a8a95d48-a61c-44d4-ad55-ad119eb50015">
      <Output>
        <StdOut>Given a customer "Customer J"&#xD;
-&gt; done: CreateQuoteSteps.GivenACustomer("Customer J") (0.0s)&#xD;
And an item "Notebook" with quantity 1, unitary price 100 and discount 1.10&#xD;
-&gt; done: CreateQuoteSteps.GivenAnItemWithDiscount("Notebook", 1, 100, 1.1) (0.0s)&#xD;
When I try to create the quote&#xD;
-&gt; done: CreateQuoteSteps.WhenITryToCreateTheQuote() (0.0s)&#xD;
Then the HTTP status should be 400&#xD;
-&gt; error: Assert.AreEqual falhou. Esperado:&lt;400&gt;. Real:&lt;200&gt;.  (0.0s)&#xD;
&#xD;
&#xD;
&#xD;
TestContext Messages:&#xD;
Given a customer "Customer J"&#xD;
-&gt; done: CreateQuoteSteps.GivenACustomer("Customer J") (0.0s)&#xD;
And an item "Notebook" with quantity 1, unitary price 100 and discount 1.10&#xD;
-&gt; done: CreateQuoteSteps.GivenAnItemWithDiscount("Notebook", 1, 100, 1.1) (0.0s)&#xD;
When I try to create the quote&#xD;
-&gt; done: CreateQuoteSteps.WhenITryToCreateTheQuote() (0.0s)&#xD;
Then the HTTP status should be 400&#xD;
-&gt; error: Assert.AreEqual falhou. Esperado:&lt;400&gt;. Real:&lt;200&gt;.  (0.0s)</StdOut>
        <ErrorInfo>
          <Message>Assert.AreEqual falhou. Esperado:&lt;400&gt;. Real:&lt;200&gt;. </Message>
          <StackTrace>   at QuoteAcceptanceTests.StepDefinitions.CreateQuoteSteps.ThenTheHttpStatusShouldBe(Int32 expectedStatus) in C:\Eurofins\QualityAssuranceTakeHome\Sources\Quote.Solution\QuoteAcceptanceTests\StepDefinitions\CreateQuoteSteps.cs:line 209&#xD;
   at InvokeStub_Action`2.Invoke(Object, Span`1)&#xD;
   at System.Reflection.MethodBaseInvoker.InvokeWithFewArgs(Object obj, BindingFlags invokeAttr, Binder binder, Object[] parameters, CultureInfo culture)&#xD;
--- End of stack trace from previous location ---&#xD;
   at Reqnroll.Bindings.BindingInvoker.InvokeBindingAsync(IBinding binding, IContextManager contextManager, Object[] arguments, ITestTracer testTracer, DurationHolder durationHolder)&#xD;
   at Reqnroll.Infrastructure.TestExecutionEngine.ExecuteStepMatchAsync(BindingMatch match, Object[] arguments, DurationHolder durationHolder)&#xD;
   at Reqnroll.Infrastructure.TestExecutionEngine.ExecuteStepAsync(IContextManager contextManager, StepInstance stepInstance)&#xD;
   at Reqnroll.Infrastructure.TestExecutionEngine.OnAfterLastStepAsync()&#xD;
   at Reqnroll.TestRunner.CollectScenarioErrorsAsync()&#xD;
   at QuoteAcceptanceTests.Features.CreateQuoteFeature.ScenarioCleanupAsync()&#xD;
   at QuoteAcceptanceTests.Features.CreateQuoteFeature.RejectQuoteWithDiscountGreaterThan100Percent() in C:\Eurofins\QualityAssuranceTakeHome\Sources\Quote.Solution\QuoteAcceptanceTests\Features\CreateQuote.feature:line 108&#xD;
</StackTrace>
        </ErrorInfo>
      </Output>
    </UnitTestResult>
    <UnitTestResult executionId="6626acb3-3dd1-4094-9cc3-9bbf42c81206" testId="45976fd1-d5a5-f6bb-4798-022c13b1c3e0" testName="SuccessfullyCreateANewQuoteWithOneItemWithDiscount (Customer C,Notebook,2,100,0.10,20,180,)" computerName="NOTE-MC330" duration="00:00:00.0058534" startTime="2026-09-24T17:52:39.3677926-03:00" endTime="2026-09-24T17:52:39.3739030-03:00" testType="13cdc9d9-ddb5-4fa4-a97d-d965ccfc6d4b" outcome="Passed" testListId="8c84fa94-04c1-424b-9868-57a2d4851a1d" relativeResultsDirectory="6626acb3-3dd1-4094-9cc3-9bbf42c81206">
      <Output>
        <StdOut>Given a customer "Customer C"&#xD;
-&gt; done: CreateQuoteSteps.GivenACustomer("Customer C") (0.0s)&#xD;
And an item "Notebook" with quantity 2, unitary price 100 and discount 0.10&#xD;
-&gt; done: CreateQuoteSteps.GivenAnItemWithDiscount("Notebook", 2, 100, 0.1) (0.0s)&#xD;
When I create the quote&#xD;
-&gt; done: CreateQuoteSteps.WhenICreateTheQuote() (0.0s)&#xD;
Then the discount amount should be 20&#xD;
-&gt; done: CreateQuoteSteps.ThenTheDiscountAmountShouldBe(20) (0.0s)&#xD;
And the line price should be 180&#xD;
-&gt; done: CreateQuoteSteps.ThenTheLinePriceShouldBe(180) (0.0s)&#xD;
And the confirmation message should be "Quote created successfully."&#xD;
-&gt; done: CreateQuoteSteps.ThenTheConfirmationMessageShouldBe("Quote created suc...") (0.0s)&#xD;
&#xD;
&#xD;
&#xD;
TestContext Messages:&#xD;
Given a customer "Customer C"&#xD;
-&gt; done: CreateQuoteSteps.GivenACustomer("Customer C") (0.0s)&#xD;
And an item "Notebook" with quantity 2, unitary price 100 and discount 0.10&#xD;
-&gt; done: CreateQuoteSteps.GivenAnItemWithDiscount("Notebook", 2, 100, 0.1) (0.0s)&#xD;
When I create the quote&#xD;
-&gt; done: CreateQuoteSteps.WhenICreateTheQuote() (0.0s)&#xD;
Then the discount amount should be 20&#xD;
-&gt; done: CreateQuoteSteps.ThenTheDiscountAmountShouldBe(20) (0.0s)&#xD;
And the line price should be 180&#xD;
-&gt; done: CreateQuoteSteps.ThenTheLinePriceShouldBe(180) (0.0s)&#xD;
And the confirmation message should be "Quote created successfully."&#xD;
-&gt; done: CreateQuoteSteps.ThenTheConfirmationMessageShouldBe("Quote created suc...") (0.0s)</StdOut>
      </Output>
    </UnitTestResult>
    <UnitTestResult executionId="95079a77-cabe-4f07-bc94-2513bb7afeb5" testId="84517ab1-9183-c601-1690-ec5bda715a0d" testName="SuccessfullyCreateANewQuoteWithOneItem (Customer B,Milk,2,10,20,)" computerName="NOTE-MC330" duration="00:00:00.0065808" startTime="2026-09-24T17:52:39.3604694-03:00" endTime="2026-09-24T17:52:39.3674259-03:00" testType="13cdc9d9-ddb5-4fa4-a97d-d965ccfc6d4b" outcome="Passed" testListId="8c84fa94-04c1-424b-9868-57a2d4851a1d" relativeResultsDirectory="95079a77-cabe-4f07-bc94-2513bb7afeb5">
      <Output>
        <StdOut>Given a customer "Customer B"&#xD;
-&gt; done: CreateQuoteSteps.GivenACustomer("Customer B") (0.0s)&#xD;
And an item "Milk" with quantity 2 and unitary price 10&#xD;
-&gt; done: CreateQuoteSteps.GivenAnItem("Milk", 2, 10) (0.0s)&#xD;
When I create the quote&#xD;
-&gt; done: CreateQuoteSteps.WhenICreateTheQuote() (0.0s)&#xD;
Then the line price should be 20&#xD;
-&gt; done: CreateQuoteSteps.ThenTheLinePriceShouldBe(20) (0.0s)&#xD;
And the confirmation message should be "Quote created successfully."&#xD;
-&gt; done: CreateQuoteSteps.ThenTheConfirmationMessageShouldBe("Quote created suc...") (0.0s)&#xD;
&#xD;
&#xD;
&#xD;
TestContext Messages:&#xD;
Given a customer "Customer B"&#xD;
-&gt; done: CreateQuoteSteps.GivenACustomer("Customer B") (0.0s)&#xD;
And an item "Milk" with quantity 2 and unitary price 10&#xD;
-&gt; done: CreateQuoteSteps.GivenAnItem("Milk", 2, 10) (0.0s)&#xD;
When I create the quote&#xD;
-&gt; done: CreateQuoteSteps.WhenICreateTheQuote() (0.0s)&#xD;
Then the line price should be 20&#xD;
-&gt; done: CreateQuoteSteps.ThenTheLinePriceShouldBe(20) (0.0s)&#xD;
And the confirmation message should be "Quote created successfully."&#xD;
-&gt; done: CreateQuoteSteps.ThenTheConfirmationMessageShouldBe("Quote created suc...") (0.0s)</StdOut>
      </Output>
    </UnitTestResult>
    <UnitTestResult executionId="69522a99-9a60-4d11-a372-6aedd2c85258" testId="95d200ea-3bf1-04de-8d8d-3e519febffd9" testName="RejectQuoteWithNoItems" computerName="NOTE-MC330" duration="00:00:00.0034506" startTime="2026-09-24T17:52:39.3929207-03:00" endTime="2026-09-24T17:52:39.3965322-03:00" testType="13cdc9d9-ddb5-4fa4-a97d-d965ccfc6d4b" outcome="Passed" testListId="8c84fa94-04c1-424b-9868-57a2d4851a1d" relativeResultsDirectory="69522a99-9a60-4d11-a372-6aedd2c85258">
      <Output>
        <StdOut>Given a customer "Customer F"&#xD;
-&gt; done: CreateQuoteSteps.GivenACustomer("Customer F") (0.0s)&#xD;
When I try to create the quote&#xD;
-&gt; done: CreateQuoteSteps.WhenITryToCreateTheQuote() (0.0s)&#xD;
Then the HTTP status should be 400&#xD;
-&gt; done: CreateQuoteSteps.ThenTheHttpStatusShouldBe(400) (0.0s)&#xD;
And the error response should contain "Customer or Items cannot be null or empty"&#xD;
-&gt; done: CreateQuoteSteps.ThenTheErrorResponseShouldContain("Customer or Items...") (0.0s)&#xD;
&#xD;
&#xD;
&#xD;
TestContext Messages:&#xD;
Given a customer "Customer F"&#xD;
-&gt; done: CreateQuoteSteps.GivenACustomer("Customer F") (0.0s)&#xD;
When I try to create the quote&#xD;
-&gt; done: CreateQuoteSteps.WhenITryToCreateTheQuote() (0.0s)&#xD;
Then the HTTP status should be 400&#xD;
-&gt; done: CreateQuoteSteps.ThenTheHttpStatusShouldBe(400) (0.0s)&#xD;
And the error response should contain "Customer or Items cannot be null or empty"&#xD;
-&gt; done: CreateQuoteSteps.ThenTheErrorResponseShouldContain("Customer or Items...") (0.0s)</StdOut>
      </Output>
    </UnitTestResult>
  </Results>
  <TestDefinitions>
    <UnitTest name="SuccessfullyCreateANewQuoteWithTwoItems (Customer D,Banana,3,5,Milk,2,10,35,)" storage="c:\eurofins\qualityassurancetakehome\sources\quote.solution\quoteacceptancetests\bin\debug\net8.0\quoteacceptancetests.dll" id="040ff182-9e7d-c39f-cce1-a0e767815760">
      <TestCategory>
        <TestCategoryItem TestCategory="AC3" />
        <TestCategoryItem TestCategory="CreateQuote" />
      </TestCategory>
      <Execution id="b738466d-0a80-4009-b1d2-8033ef8c7976" />
      <TestMethod codeBase="C:\Eurofins\QualityAssuranceTakeHome\Sources\Quote.Solution\QuoteAcceptanceTests\bin\Debug\net8.0\QuoteAcceptanceTests.dll" adapterTypeName="executor://mstestadapter/v2" className="QuoteAcceptanceTests.Features.CreateQuoteFeature" name="SuccessfullyCreateANewQuoteWithTwoItems" />
    </UnitTest>
    <UnitTest name="SuccessfullyCreateANewQuoteWithOneItemWithDiscount (Customer C,Notebook,2,100,0.10,20,180,)" storage="c:\eurofins\qualityassurancetakehome\sources\quote.solution\quoteacceptancetests\bin\debug\net8.0\quoteacceptancetests.dll" id="45976fd1-d5a5-f6bb-4798-022c13b1c3e0">
      <TestCategory>
        <TestCategoryItem TestCategory="AC2" />
        <TestCategoryItem TestCategory="CreateQuote" />
      </TestCategory>
      <Execution id="6626acb3-3dd1-4094-9cc3-9bbf42c81206" />
      <TestMethod codeBase="C:\Eurofins\QualityAssuranceTakeHome\Sources\Quote.Solution\QuoteAcceptanceTests\bin\Debug\net8.0\QuoteAcceptanceTests.dll" adapterTypeName="executor://mstestadapter/v2" className="QuoteAcceptanceTests.Features.CreateQuoteFeature" name="SuccessfullyCreateANewQuoteWithOneItemWithDiscount" />
    </UnitTest>
    <UnitTest name="RejectQuoteWithEmptyCustomer" storage="c:\eurofins\qualityassurancetakehome\sources\quote.solution\quoteacceptancetests\bin\debug\net8.0\quoteacceptancetests.dll" id="f5d6b42b-4c89-1761-68dd-53a865bffc36">
      <TestCategory>
        <TestCategoryItem TestCategory="Negative" />
        <TestCategoryItem TestCategory="CreateQuote" />
        <TestCategoryItem TestCategory="AC5" />
      </TestCategory>
      <Execution id="20083ef3-7ced-46be-94ca-60ed09824eb0" />
      <TestMethod codeBase="C:\Eurofins\QualityAssuranceTakeHome\Sources\Quote.Solution\QuoteAcceptanceTests\bin\Debug\net8.0\QuoteAcceptanceTests.dll" adapterTypeName="executor://mstestadapter/v2" className="QuoteAcceptanceTests.Features.CreateQuoteFeature" name="RejectQuoteWithEmptyCustomer" />
    </UnitTest>
    <UnitTest name="RejectMalformedJSONWithoutExposingInternalServerDetails" storage="c:\eurofins\qualityassurancetakehome\sources\quote.solution\quoteacceptancetests\bin\debug\net8.0\quoteacceptancetests.dll" id="23e032dc-c427-35f7-a19b-5f6c027dfed6">
      <TestCategory>
        <TestCategoryItem TestCategory="Security" />
        <TestCategoryItem TestCategory="AC14" />
        <TestCategoryItem TestCategory="CreateQuote" />
      </TestCategory>
      <Execution id="642ca032-d6db-49c4-a1f9-efd2a7e128cd" />
      <TestMethod codeBase="C:\Eurofins\QualityAssuranceTakeHome\Sources\Quote.Solution\QuoteAcceptanceTests\bin\Debug\net8.0\QuoteAcceptanceTests.dll" adapterTypeName="executor://mstestadapter/v2" className="QuoteAcceptanceTests.Features.CreateQuoteFeature" name="RejectMalformedJSONWithoutExposingInternalServerDetails" />
    </UnitTest>
    <UnitTest name="SuccessfullyCreateANewQuoteWithOneItem (Customer B,Milk,2,10,20,)" storage="c:\eurofins\qualityassurancetakehome\sources\quote.solution\quoteacceptancetests\bin\debug\net8.0\quoteacceptancetests.dll" id="84517ab1-9183-c601-1690-ec5bda715a0d">
      <TestCategory>
        <TestCategoryItem TestCategory="CreateQuote" />
        <TestCategoryItem TestCategory="AC1" />
      </TestCategory>
      <Execution id="95079a77-cabe-4f07-bc94-2513bb7afeb5" />
      <TestMethod codeBase="C:\Eurofins\QualityAssuranceTakeHome\Sources\Quote.Solution\QuoteAcceptanceTests\bin\Debug\net8.0\QuoteAcceptanceTests.dll" adapterTypeName="executor://mstestadapter/v2" className="QuoteAcceptanceTests.Features.CreateQuoteFeature" name="SuccessfullyCreateANewQuoteWithOneItem" />
    </UnitTest>
    <UnitTest name="SuccessfullyCreateAQuoteWith100PercentDiscount" storage="c:\eurofins\qualityassurancetakehome\sources\quote.solution\quoteacceptancetests\bin\debug\net8.0\quoteacceptancetests.dll" id="d3e17d0d-d4b0-0dec-d651-485a67d44be1">
      <TestCategory>
        <TestCategoryItem TestCategory="Boundary" />
        <TestCategoryItem TestCategory="CreateQuote" />
        <TestCategoryItem TestCategory="AC11" />
      </TestCategory>
      <Execution id="3ffd3a6d-f398-4d36-aa74-b8a7d511e810" />
      <TestMethod codeBase="C:\Eurofins\QualityAssuranceTakeHome\Sources\Quote.Solution\QuoteAcceptanceTests\bin\Debug\net8.0\QuoteAcceptanceTests.dll" adapterTypeName="executor://mstestadapter/v2" className="QuoteAcceptanceTests.Features.CreateQuoteFeature" name="SuccessfullyCreateAQuoteWith100PercentDiscount" />
    </UnitTest>
    <UnitTest name="RejectQuoteWithNegativeUnitaryPrice" storage="c:\eurofins\qualityassurancetakehome\sources\quote.solution\quoteacceptancetests\bin\debug\net8.0\quoteacceptancetests.dll" id="f66610a1-9fc1-2fc2-3ba8-16e7cadc4bc6">
      <TestCategory>
        <TestCategoryItem TestCategory="Boundary" />
        <TestCategoryItem TestCategory="AC9" />
        <TestCategoryItem TestCategory="Negative" />
        <TestCategoryItem TestCategory="CreateQuote" />
      </TestCategory>
      <Execution id="df20d6c9-acb4-4577-b78c-d331044df9d5" />
      <TestMethod codeBase="C:\Eurofins\QualityAssuranceTakeHome\Sources\Quote.Solution\QuoteAcceptanceTests\bin\Debug\net8.0\QuoteAcceptanceTests.dll" adapterTypeName="executor://mstestadapter/v2" className="QuoteAcceptanceTests.Features.CreateQuoteFeature" name="RejectQuoteWithNegativeUnitaryPrice" />
    </UnitTest>
    <UnitTest name="RejectQuoteWithNegativeDiscount" storage="c:\eurofins\qualityassurancetakehome\sources\quote.solution\quoteacceptancetests\bin\debug\net8.0\quoteacceptancetests.dll" id="a5f318cb-2718-a5de-15ec-6e4b18fe3b14">
      <TestCategory>
        <TestCategoryItem TestCategory="Boundary" />
        <TestCategoryItem TestCategory="AC13" />
        <TestCategoryItem TestCategory="Negative" />
        <TestCategoryItem TestCategory="CreateQuote" />
      </TestCategory>
      <Execution id="7f53db6d-d96f-4d92-8f42-92a790c41888" />
      <TestMethod codeBase="C:\Eurofins\QualityAssuranceTakeHome\Sources\Quote.Solution\QuoteAcceptanceTests\bin\Debug\net8.0\QuoteAcceptanceTests.dll" adapterTypeName="executor://mstestadapter/v2" className="QuoteAcceptanceTests.Features.CreateQuoteFeature" name="RejectQuoteWithNegativeDiscount" />
    </UnitTest>
    <UnitTest name="RejectQuoteWithNoItems" storage="c:\eurofins\qualityassurancetakehome\sources\quote.solution\quoteacceptancetests\bin\debug\net8.0\quoteacceptancetests.dll" id="95d200ea-3bf1-04de-8d8d-3e519febffd9">
      <TestCategory>
        <TestCategoryItem TestCategory="Negative" />
        <TestCategoryItem TestCategory="CreateQuote" />
        <TestCategoryItem TestCategory="AC6" />
      </TestCategory>
      <Execution id="69522a99-9a60-4d11-a372-6aedd2c85258" />
      <TestMethod codeBase="C:\Eurofins\QualityAssuranceTakeHome\Sources\Quote.Solution\QuoteAcceptanceTests\bin\Debug\net8.0\QuoteAcceptanceTests.dll" adapterTypeName="executor://mstestadapter/v2" className="QuoteAcceptanceTests.Features.CreateQuoteFeature" name="RejectQuoteWithNoItems" />
    </UnitTest>
    <UnitTest name="AbleToAccessIsAlivePageWhileTheServiceIsRunning" storage="c:\eurofins\qualityassurancetakehome\sources\quote.solution\quoteacceptancetests\bin\debug\net8.0\quoteacceptancetests.dll" id="27ad4e40-da18-2957-631d-3ff19adb554b">
      <TestCategory>
        <TestCategoryItem TestCategory="IsAlive" />
      </TestCategory>
      <Execution id="930d1b66-48eb-464c-9a00-82d164df0aac" />
      <TestMethod codeBase="C:\Eurofins\QualityAssuranceTakeHome\Sources\Quote.Solution\QuoteAcceptanceTests\bin\Debug\net8.0\QuoteAcceptanceTests.dll" adapterTypeName="executor://mstestadapter/v2" className="QuoteAcceptanceTests.Features.IsAliveFeatureFeature" name="AbleToAccessIsAlivePageWhileTheServiceIsRunning" />
    </UnitTest>
    <UnitTest name="RejectQuoteWithDiscountGreaterThan100Percent" storage="c:\eurofins\qualityassurancetakehome\sources\quote.solution\quoteacceptancetests\bin\debug\net8.0\quoteacceptancetests.dll" id="64a1b224-85e2-a446-e140-23058bb7f166">
      <TestCategory>
        <TestCategoryItem TestCategory="AC10" />
        <TestCategoryItem TestCategory="Boundary" />
        <TestCategoryItem TestCategory="Negative" />
        <TestCategoryItem TestCategory="CreateQuote" />
      </TestCategory>
      <Execution id="a8a95d48-a61c-44d4-ad55-ad119eb50015" />
      <TestMethod codeBase="C:\Eurofins\QualityAssuranceTakeHome\Sources\Quote.Solution\QuoteAcceptanceTests\bin\Debug\net8.0\QuoteAcceptanceTests.dll" adapterTypeName="executor://mstestadapter/v2" className="QuoteAcceptanceTests.Features.CreateQuoteFeature" name="RejectQuoteWithDiscountGreaterThan100Percent" />
    </UnitTest>
    <UnitTest name="RejectQuoteWithZeroItemQuantity" storage="c:\eurofins\qualityassurancetakehome\sources\quote.solution\quoteacceptancetests\bin\debug\net8.0\quoteacceptancetests.dll" id="f8173a55-3d58-673c-2077-b38297107dd4">
      <TestCategory>
        <TestCategoryItem TestCategory="Boundary" />
        <TestCategoryItem TestCategory="AC12" />
        <TestCategoryItem TestCategory="Negative" />
        <TestCategoryItem TestCategory="CreateQuote" />
      </TestCategory>
      <Execution id="00a6ff86-d8d8-4517-8c4d-3f1666a76397" />
      <TestMethod codeBase="C:\Eurofins\QualityAssuranceTakeHome\Sources\Quote.Solution\QuoteAcceptanceTests\bin\Debug\net8.0\QuoteAcceptanceTests.dll" adapterTypeName="executor://mstestadapter/v2" className="QuoteAcceptanceTests.Features.CreateQuoteFeature" name="RejectQuoteWithZeroItemQuantity" />
    </UnitTest>
    <UnitTest name="SuccessfullyCreateANewQuoteWithOneItem (Customer A,Banana,3,5,15,)" storage="c:\eurofins\qualityassurancetakehome\sources\quote.solution\quoteacceptancetests\bin\debug\net8.0\quoteacceptancetests.dll" id="9378a571-20bd-4751-eed4-01299e277300">
      <TestCategory>
        <TestCategoryItem TestCategory="CreateQuote" />
        <TestCategoryItem TestCategory="AC1" />
      </TestCategory>
      <Execution id="ccd5d119-9691-4c39-95f1-0e3a5271854b" />
      <TestMethod codeBase="C:\Eurofins\QualityAssuranceTakeHome\Sources\Quote.Solution\QuoteAcceptanceTests\bin\Debug\net8.0\QuoteAcceptanceTests.dll" adapterTypeName="executor://mstestadapter/v2" className="QuoteAcceptanceTests.Features.CreateQuoteFeature" name="SuccessfullyCreateANewQuoteWithOneItem" />
    </UnitTest>
    <UnitTest name="RejectQuoteWithNegativeItemQuantity" storage="c:\eurofins\qualityassurancetakehome\sources\quote.solution\quoteacceptancetests\bin\debug\net8.0\quoteacceptancetests.dll" id="0659643b-56ba-01f9-ea00-af009878998f">
      <TestCategory>
        <TestCategoryItem TestCategory="Boundary" />
        <TestCategoryItem TestCategory="AC8" />
        <TestCategoryItem TestCategory="Negative" />
        <TestCategoryItem TestCategory="CreateQuote" />
      </TestCategory>
      <Execution id="c0cc8b88-c118-445c-9091-63eb194525dd" />
      <TestMethod codeBase="C:\Eurofins\QualityAssuranceTakeHome\Sources\Quote.Solution\QuoteAcceptanceTests\bin\Debug\net8.0\QuoteAcceptanceTests.dll" adapterTypeName="executor://mstestadapter/v2" className="QuoteAcceptanceTests.Features.CreateQuoteFeature" name="RejectQuoteWithNegativeItemQuantity" />
    </UnitTest>
    <UnitTest name="CreateAQuoteWith100ItemsWithinAnAcceptableResponseTime" storage="c:\eurofins\qualityassurancetakehome\sources\quote.solution\quoteacceptancetests\bin\debug\net8.0\quoteacceptancetests.dll" id="97d77096-7995-c202-2f8d-587cb23491ea">
      <TestCategory>
        <TestCategoryItem TestCategory="AC15" />
        <TestCategoryItem TestCategory="CreateQuote" />
        <TestCategoryItem TestCategory="Performance" />
      </TestCategory>
      <Execution id="3346b96d-fc51-4515-8c9a-3bca342e689f" />
      <TestMethod codeBase="C:\Eurofins\QualityAssuranceTakeHome\Sources\Quote.Solution\QuoteAcceptanceTests\bin\Debug\net8.0\QuoteAcceptanceTests.dll" adapterTypeName="executor://mstestadapter/v2" className="QuoteAcceptanceTests.Features.CreateQuoteFeature" name="CreateAQuoteWith100ItemsWithinAnAcceptableResponseTime" />
    </UnitTest>
    <UnitTest name="SuccessfullyCreateAQuoteWithMultipleItemsIncludingDiscount (Customer E,Notebook,2,100,0.10,Mouse,1,50,230,)" storage="c:\eurofins\qualityassurancetakehome\sources\quote.solution\quoteacceptancetests\bin\debug\net8.0\quoteacceptancetests.dll" id="e1bb1a55-1b5c-bad3-9cc9-3c65932855b5">
      <TestCategory>
        <TestCategoryItem TestCategory="CreateQuote" />
        <TestCategoryItem TestCategory="AC4" />
      </TestCategory>
      <Execution id="9229e6ec-5e02-4ec0-8b91-d1825ca00857" />
      <TestMethod codeBase="C:\Eurofins\QualityAssuranceTakeHome\Sources\Quote.Solution\QuoteAcceptanceTests\bin\Debug\net8.0\QuoteAcceptanceTests.dll" adapterTypeName="executor://mstestadapter/v2" className="QuoteAcceptanceTests.Features.CreateQuoteFeature" name="SuccessfullyCreateAQuoteWithMultipleItemsIncludingDiscount" />
    </UnitTest>
    <UnitTest name="RejectQuoteWithEmptyItemName" storage="c:\eurofins\qualityassurancetakehome\sources\quote.solution\quoteacceptancetests\bin\debug\net8.0\quoteacceptancetests.dll" id="d06ce2b1-4175-7b37-4ffb-c55c4a562b1e">
      <TestCategory>
        <TestCategoryItem TestCategory="Negative" />
        <TestCategoryItem TestCategory="CreateQuote" />
        <TestCategoryItem TestCategory="AC7" />
      </TestCategory>
      <Execution id="0fc8cf10-c039-4a1c-988e-90bb6f294b05" />
      <TestMethod codeBase="C:\Eurofins\QualityAssuranceTakeHome\Sources\Quote.Solution\QuoteAcceptanceTests\bin\Debug\net8.0\QuoteAcceptanceTests.dll" adapterTypeName="executor://mstestadapter/v2" className="QuoteAcceptanceTests.Features.CreateQuoteFeature" name="RejectQuoteWithEmptyItemName" />
    </UnitTest>
  </TestDefinitions>
  <TestEntries>
    <TestEntry testId="0659643b-56ba-01f9-ea00-af009878998f" executionId="c0cc8b88-c118-445c-9091-63eb194525dd" testListId="8c84fa94-04c1-424b-9868-57a2d4851a1d" />
    <TestEntry testId="27ad4e40-da18-2957-631d-3ff19adb554b" executionId="930d1b66-48eb-464c-9a00-82d164df0aac" testListId="8c84fa94-04c1-424b-9868-57a2d4851a1d" />
    <TestEntry testId="040ff182-9e7d-c39f-cce1-a0e767815760" executionId="b738466d-0a80-4009-b1d2-8033ef8c7976" testListId="8c84fa94-04c1-424b-9868-57a2d4851a1d" />
    <TestEntry testId="a5f318cb-2718-a5de-15ec-6e4b18fe3b14" executionId="7f53db6d-d96f-4d92-8f42-92a790c41888" testListId="8c84fa94-04c1-424b-9868-57a2d4851a1d" />
    <TestEntry testId="9378a571-20bd-4751-eed4-01299e277300" executionId="ccd5d119-9691-4c39-95f1-0e3a5271854b" testListId="8c84fa94-04c1-424b-9868-57a2d4851a1d" />
    <TestEntry testId="97d77096-7995-c202-2f8d-587cb23491ea" executionId="3346b96d-fc51-4515-8c9a-3bca342e689f" testListId="8c84fa94-04c1-424b-9868-57a2d4851a1d" />
    <TestEntry testId="23e032dc-c427-35f7-a19b-5f6c027dfed6" executionId="642ca032-d6db-49c4-a1f9-efd2a7e128cd" testListId="8c84fa94-04c1-424b-9868-57a2d4851a1d" />
    <TestEntry testId="e1bb1a55-1b5c-bad3-9cc9-3c65932855b5" executionId="9229e6ec-5e02-4ec0-8b91-d1825ca00857" testListId="8c84fa94-04c1-424b-9868-57a2d4851a1d" />
    <TestEntry testId="f5d6b42b-4c89-1761-68dd-53a865bffc36" executionId="20083ef3-7ced-46be-94ca-60ed09824eb0" testListId="8c84fa94-04c1-424b-9868-57a2d4851a1d" />
    <TestEntry testId="d3e17d0d-d4b0-0dec-d651-485a67d44be1" executionId="3ffd3a6d-f398-4d36-aa74-b8a7d511e810" testListId="8c84fa94-04c1-424b-9868-57a2d4851a1d" />
    <TestEntry testId="f8173a55-3d58-673c-2077-b38297107dd4" executionId="00a6ff86-d8d8-4517-8c4d-3f1666a76397" testListId="8c84fa94-04c1-424b-9868-57a2d4851a1d" />
    <TestEntry testId="f66610a1-9fc1-2fc2-3ba8-16e7cadc4bc6" executionId="df20d6c9-acb4-4577-b78c-d331044df9d5" testListId="8c84fa94-04c1-424b-9868-57a2d4851a1d" />
    <TestEntry testId="d06ce2b1-4175-7b37-4ffb-c55c4a562b1e" executionId="0fc8cf10-c039-4a1c-988e-90bb6f294b05" testListId="8c84fa94-04c1-424b-9868-57a2d4851a1d" />
    <TestEntry testId="64a1b224-85e2-a446-e140-23058bb7f166" executionId="a8a95d48-a61c-44d4-ad55-ad119eb50015" testListId="8c84fa94-04c1-424b-9868-57a2d4851a1d" />
    <TestEntry testId="45976fd1-d5a5-f6bb-4798-022c13b1c3e0" executionId="6626acb3-3dd1-4094-9cc3-9bbf42c81206" testListId="8c84fa94-04c1-424b-9868-57a2d4851a1d" />
    <TestEntry testId="84517ab1-9183-c601-1690-ec5bda715a0d" executionId="95079a77-cabe-4f07-bc94-2513bb7afeb5" testListId="8c84fa94-04c1-424b-9868-57a2d4851a1d" />
    <TestEntry testId="95d200ea-3bf1-04de-8d8d-3e519febffd9" executionId="69522a99-9a60-4d11-a372-6aedd2c85258" testListId="8c84fa94-04c1-424b-9868-57a2d4851a1d" />
  </TestEntries>
  <TestLists>
    <TestList name="Resultados que não estão em uma lista" id="8c84fa94-04c1-424b-9868-57a2d4851a1d" />
    <TestList name="Todos os resultados carregados" id="19431567-8539-422a-85d7-44ee4e166bda" />
  </TestLists>
  <ResultSummary outcome="Failed">
    <Counters total="17" executed="17" passed="11" failed="6" error="0" timeout="0" aborted="0" inconclusive="0" passedButRunAborted="0" notRunnable="0" notExecuted="0" disconnected="0" warning="0" completed="0" inProgress="0" pending="0" />
  </ResultSummary>
</TestRun>